===== 2025-10-24T02:00:00-05:00 â€” last 1000 lines =====
2025-10-22 17:43:09.767 INFO (MainThread) [homeassistant.components.automation.closet_light_bathroom_light] Closet light -> bathroom light: Choose at step 1: choice 2: Running automation actions
2025-10-22 17:43:09.767 INFO (MainThread) [homeassistant.components.automation.closet_light_bathroom_light] Closet light -> bathroom light: Choose at step 1: choice 2: Executing step call service
2025-10-22 17:43:09.796 INFO (MainThread) [homeassistant.components.automation.closet_light_bathroom_light] Closet light -> bathroom light: Choose at step 1: choice 2: Executing step call service
2025-10-22 17:43:11.609 INFO (MainThread) [homeassistant.components.automation.stamp_last_motion_on_time] Stamp last motion ON time: Running automation actions
2025-10-22 17:43:11.610 INFO (MainThread) [homeassistant.components.automation.stamp_last_motion_on_time] Stamp last motion ON time: Choose at step 1: choice 1: Running automation actions
2025-10-22 17:43:11.611 INFO (MainThread) [homeassistant.components.automation.stamp_last_motion_on_time] Stamp last motion ON time: Choose at step 1: choice 1: Executing step call service
2025-10-22 17:44:19.023 INFO (MainThread) [homeassistant.components.automation.stamp_last_motion_on_time] Stamp last motion ON time: Running automation actions
2025-10-22 17:44:19.025 INFO (MainThread) [homeassistant.components.automation.stamp_last_motion_on_time] Stamp last motion ON time: Choose at step 1: choice 2: Running automation actions
2025-10-22 17:44:19.026 INFO (MainThread) [homeassistant.components.automation.stamp_last_motion_on_time] Stamp last motion ON time: Choose at step 1: choice 2: Executing step call service
2025-10-22 17:44:19.027 ERROR (MainThread) [homeassistant.components.automation.stamp_last_motion_on_time] Stamp last motion ON time: Choose at step 1: choice 2: Error executing script. Invalid data for call_service at pos 1: Invalid datetime specified:  for dictionary value @ data['datetime']
2025-10-22 17:44:19.032 ERROR (MainThread) [homeassistant.components.automation.stamp_last_motion_on_time] Stamp last motion ON time: Error executing script. Invalid data for choose at pos 1: Invalid datetime specified:  for dictionary value @ data['datetime']
2025-10-22 17:44:19.033 ERROR (MainThread) [homeassistant.components.automation.stamp_last_motion_on_time] Error while executing automation automation.stamp_last_motion_on_time: Invalid datetime specified:  for dictionary value @ data['datetime']
2025-10-22 17:47:57.614 INFO (MainThread) [homeassistant.components.automation.living_room_lamp] Living Room Lamp: Running automation actions
2025-10-22 17:47:57.615 INFO (MainThread) [homeassistant.components.automation.living_room_lamp] Living Room Lamp: Choose at step 1: Sunset - lamp on: Running automation actions
2025-10-22 17:47:57.616 INFO (MainThread) [homeassistant.components.automation.living_room_lamp] Living Room Lamp: Choose at step 1: Sunset - lamp on: Executing step call service
2025-10-22 17:49:34.429 INFO (MainThread) [homeassistant.components.automation.bedroom_ceiling_lights_on_bedroom_lamp_on] Bedroom Ceiling Lights on -> bedroom lamp on: Running automation actions
2025-10-22 17:49:34.429 INFO (MainThread) [homeassistant.components.automation.bedroom_ceiling_lights_on_bedroom_lamp_on] Bedroom Ceiling Lights on -> bedroom lamp on: Executing step call service
2025-10-22 17:49:34.432 INFO (MainThread) [homeassistant.components.automation.bedroom_ceiling_lights_3_set_my_room] Bedroom Ceiling Lights (3) -> Set My Room: Running automation actions
2025-10-22 17:49:34.439 INFO (MainThread) [homeassistant.components.automation.bedroom_ceiling_lights_3_set_my_room] Bedroom Ceiling Lights (3) -> Set My Room: Choose at step 1: default: Running automation actions
2025-10-22 17:49:34.441 INFO (MainThread) [homeassistant.components.automation.bedroom_ceiling_lights_3_set_my_room] Bedroom Ceiling Lights (3) -> Set My Room: Choose at step 1: default: Choose at step 1: choice 1: Running automation actions
2025-10-22 17:49:34.441 INFO (MainThread) [homeassistant.components.automation.bedroom_ceiling_lights_3_set_my_room] Bedroom Ceiling Lights (3) -> Set My Room: Choose at step 1: default: Choose at step 1: choice 1: Executing step call service
2025-10-22 17:49:34.443 INFO (MainThread) [homeassistant.components.automation.bedroom_ceiling_lights_3_set_my_room] Bedroom Ceiling Lights (3) -> Set My Room: Choose at step 1: default: Choose at step 1: choice 1: Executing step call service
2025-10-22 17:49:34.448 INFO (MainThread) [homeassistant.components.automation.bedroom_ceiling_lights_3_set_my_room] Bedroom Ceiling Lights (3) -> Set My Room: Choose at step 1: default: Executing step call service
2025-10-22 17:49:48.546 INFO (MainThread) [homeassistant.components.automation.bedroom_ceiling_lights_3_set_my_room] Bedroom Ceiling Lights (3) -> Set My Room: Running automation actions
2025-10-22 17:49:48.547 INFO (MainThread) [homeassistant.components.automation.bedroom_ceiling_lights_3_set_my_room] Bedroom Ceiling Lights (3) -> Set My Room: Choose at step 1: default: Running automation actions
2025-10-22 17:49:48.548 INFO (MainThread) [homeassistant.components.automation.bedroom_ceiling_lights_3_set_my_room] Bedroom Ceiling Lights (3) -> Set My Room: Choose at step 1: default: Executing step call service
2025-10-22 17:49:49.002 INFO (MainThread) [homeassistant.components.automation.bedroom_ceiling_lights_3_set_my_room] Bedroom Ceiling Lights (3) -> Set My Room: Running automation actions
2025-10-22 17:49:49.004 INFO (MainThread) [homeassistant.components.automation.bedroom_ceiling_lights_3_set_my_room] Bedroom Ceiling Lights (3) -> Set My Room: Choose at step 1: choice 1: Running automation actions
2025-10-22 17:49:49.004 INFO (MainThread) [homeassistant.components.automation.bedroom_ceiling_lights_3_set_my_room] Bedroom Ceiling Lights (3) -> Set My Room: Choose at step 1: choice 1: Executing step call service
2025-10-22 17:49:52.874 INFO (MainThread) [homeassistant.components.automation.living_room_lamp] Living Room Lamp: Running automation actions
2025-10-22 17:49:52.878 INFO (MainThread) [homeassistant.components.automation.living_room_lamp] Living Room Lamp: Choose at step 1: Main lights turn on - lamp off: Running automation actions
2025-10-22 17:49:52.882 INFO (MainThread) [homeassistant.components.automation.living_room_lamp] Living Room Lamp: Choose at step 1: Main lights turn on - lamp off: Executing step call service
2025-10-22 17:49:55.670 INFO (MainThread) [homeassistant.components.automation.living_room_lamp] Living Room Lamp: Running automation actions
2025-10-22 17:49:55.673 INFO (MainThread) [homeassistant.components.automation.living_room_lamp] Living Room Lamp: Choose at step 1: Main lights off & (night time or >30% cloud coverage) - lamp on : Running automation actions
2025-10-22 17:49:55.674 INFO (MainThread) [homeassistant.components.automation.living_room_lamp] Living Room Lamp: Choose at step 1: Main lights off & (night time or >30% cloud coverage) - lamp on : Executing step call service
2025-10-22 17:50:16.420 INFO (MainThread) [homeassistant.components.automation.bedroom_ceiling_lights_on_bedroom_lamp_on] Bedroom Ceiling Lights on -> bedroom lamp on: Running automation actions
2025-10-22 17:50:16.420 INFO (MainThread) [homeassistant.components.automation.bedroom_ceiling_lights_on_bedroom_lamp_on] Bedroom Ceiling Lights on -> bedroom lamp on: Executing step call service
2025-10-22 17:50:16.423 INFO (MainThread) [homeassistant.components.automation.bedroom_ceiling_lights_3_set_my_room] Bedroom Ceiling Lights (3) -> Set My Room: Running automation actions
2025-10-22 17:50:16.429 INFO (MainThread) [homeassistant.components.automation.bedroom_ceiling_lights_3_set_my_room] Bedroom Ceiling Lights (3) -> Set My Room: Choose at step 1: default: Running automation actions
2025-10-22 17:50:16.431 INFO (MainThread) [homeassistant.components.automation.bedroom_ceiling_lights_3_set_my_room] Bedroom Ceiling Lights (3) -> Set My Room: Choose at step 1: default: Choose at step 1: choice 1: Running automation actions
2025-10-22 17:50:16.431 INFO (MainThread) [homeassistant.components.automation.bedroom_ceiling_lights_3_set_my_room] Bedroom Ceiling Lights (3) -> Set My Room: Choose at step 1: default: Choose at step 1: choice 1: Executing step call service
2025-10-22 17:50:16.433 INFO (MainThread) [homeassistant.components.automation.bedroom_ceiling_lights_3_set_my_room] Bedroom Ceiling Lights (3) -> Set My Room: Choose at step 1: default: Choose at step 1: choice 1: Executing step call service
2025-10-22 17:50:16.438 INFO (MainThread) [homeassistant.components.automation.bedroom_ceiling_lights_3_set_my_room] Bedroom Ceiling Lights (3) -> Set My Room: Choose at step 1: default: Executing step call service
2025-10-22 17:50:25.532 INFO (MainThread) [homeassistant.components.automation.bedroom_ceiling_lights_3_set_my_room] Bedroom Ceiling Lights (3) -> Set My Room: Running automation actions
2025-10-22 17:50:25.533 INFO (MainThread) [homeassistant.components.automation.bedroom_ceiling_lights_3_set_my_room] Bedroom Ceiling Lights (3) -> Set My Room: Choose at step 1: default: Running automation actions
2025-10-22 17:50:25.534 INFO (MainThread) [homeassistant.components.automation.bedroom_ceiling_lights_3_set_my_room] Bedroom Ceiling Lights (3) -> Set My Room: Choose at step 1: default: Executing step call service
2025-10-22 17:50:31.002 INFO (MainThread) [homeassistant.components.automation.bedroom_ceiling_lights_3_set_my_room] Bedroom Ceiling Lights (3) -> Set My Room: Running automation actions
2025-10-22 17:50:31.003 INFO (MainThread) [homeassistant.components.automation.bedroom_ceiling_lights_3_set_my_room] Bedroom Ceiling Lights (3) -> Set My Room: Choose at step 1: choice 1: Running automation actions
2025-10-22 17:50:31.004 INFO (MainThread) [homeassistant.components.automation.bedroom_ceiling_lights_3_set_my_room] Bedroom Ceiling Lights (3) -> Set My Room: Choose at step 1: choice 1: Executing step call service
2025-10-22 17:51:12.074 INFO (MainThread) [homeassistant.components.automation.bedroom_ceiling_lights_on_bedroom_lamp_on] Bedroom Ceiling Lights on -> bedroom lamp on: Running automation actions
2025-10-22 17:51:12.075 INFO (MainThread) [homeassistant.components.automation.bedroom_ceiling_lights_on_bedroom_lamp_on] Bedroom Ceiling Lights on -> bedroom lamp on: Executing step call service
2025-10-22 17:51:12.077 INFO (MainThread) [homeassistant.components.automation.bedroom_ceiling_lights_3_set_my_room] Bedroom Ceiling Lights (3) -> Set My Room: Running automation actions
2025-10-22 17:51:12.084 INFO (MainThread) [homeassistant.components.automation.bedroom_ceiling_lights_3_set_my_room] Bedroom Ceiling Lights (3) -> Set My Room: Choose at step 1: default: Running automation actions
2025-10-22 17:51:12.085 INFO (MainThread) [homeassistant.components.automation.bedroom_ceiling_lights_3_set_my_room] Bedroom Ceiling Lights (3) -> Set My Room: Choose at step 1: default: Choose at step 1: choice 1: Running automation actions
2025-10-22 17:51:12.086 INFO (MainThread) [homeassistant.components.automation.bedroom_ceiling_lights_3_set_my_room] Bedroom Ceiling Lights (3) -> Set My Room: Choose at step 1: default: Choose at step 1: choice 1: Executing step call service
2025-10-22 17:51:12.096 INFO (MainThread) [homeassistant.components.automation.bedroom_ceiling_lights_3_set_my_room] Bedroom Ceiling Lights (3) -> Set My Room: Choose at step 1: default: Choose at step 1: choice 1: Executing step call service
2025-10-22 17:51:12.098 INFO (MainThread) [homeassistant.components.automation.bedroom_ceiling_lights_3_set_my_room] Bedroom Ceiling Lights (3) -> Set My Room: Choose at step 1: default: Executing step call service
2025-10-22 17:51:14.850 INFO (MainThread) [homeassistant.components.automation.bedroom_ceiling_lights_3_set_my_room] Bedroom Ceiling Lights (3) -> Set My Room: Running automation actions
2025-10-22 17:51:14.851 INFO (MainThread) [homeassistant.components.automation.bedroom_ceiling_lights_3_set_my_room] Bedroom Ceiling Lights (3) -> Set My Room: Choose at step 1: default: Running automation actions
2025-10-22 17:51:14.853 INFO (MainThread) [homeassistant.components.automation.bedroom_ceiling_lights_3_set_my_room] Bedroom Ceiling Lights (3) -> Set My Room: Choose at step 1: default: Executing step call service
2025-10-22 17:51:23.968 INFO (MainThread) [homeassistant.components.automation.closet_light_bathroom_light] Closet light -> bathroom light: Running automation actions
2025-10-22 17:51:23.970 INFO (MainThread) [homeassistant.components.automation.closet_light_bathroom_light] Closet light -> bathroom light: Choose at step 1: choice 1: Running automation actions
2025-10-22 17:51:23.970 INFO (MainThread) [homeassistant.components.automation.closet_light_bathroom_light] Closet light -> bathroom light: Choose at step 1: choice 1: Executing step call service
2025-10-22 17:51:24.073 INFO (MainThread) [homeassistant.components.automation.closet_light_bathroom_light] Closet light -> bathroom light: Choose at step 1: choice 1: Executing step call service
2025-10-22 17:51:24.076 INFO (MainThread) [homeassistant.components.automation.closet_light_bathroom_light] Closet light -> bathroom light: Choose at step 1: choice 1: Executing step delay 0:30:00
2025-10-22 17:51:27.003 INFO (MainThread) [homeassistant.components.automation.bedroom_ceiling_lights_3_set_my_room] Bedroom Ceiling Lights (3) -> Set My Room: Running automation actions
2025-10-22 17:51:27.004 INFO (MainThread) [homeassistant.components.automation.bedroom_ceiling_lights_3_set_my_room] Bedroom Ceiling Lights (3) -> Set My Room: Choose at step 1: choice 1: Running automation actions
2025-10-22 17:51:27.005 INFO (MainThread) [homeassistant.components.automation.bedroom_ceiling_lights_3_set_my_room] Bedroom Ceiling Lights (3) -> Set My Room: Choose at step 1: choice 1: Executing step call service
2025-10-22 17:51:37.329 INFO (MainThread) [homeassistant.components.automation.closet_light_bathroom_light] Closet light -> bathroom light: Restarting
2025-10-22 17:51:37.337 INFO (MainThread) [homeassistant.components.automation.closet_light_bathroom_light] Closet light -> bathroom light: Running automation actions
2025-10-22 17:51:37.339 INFO (MainThread) [homeassistant.components.automation.closet_light_bathroom_light] Closet light -> bathroom light: Choose at step 1: choice 2: Running automation actions
2025-10-22 17:51:37.339 INFO (MainThread) [homeassistant.components.automation.closet_light_bathroom_light] Closet light -> bathroom light: Choose at step 1: choice 2: Executing step call service
2025-10-22 17:51:37.442 INFO (MainThread) [homeassistant.components.automation.closet_light_bathroom_light] Closet light -> bathroom light: Choose at step 1: choice 2: Executing step call service
2025-10-22 17:51:39.195 INFO (MainThread) [homeassistant.components.automation.bedroom_ceiling_lights_on_bedroom_lamp_on] Bedroom Ceiling Lights on -> bedroom lamp on: Running automation actions
2025-10-22 17:51:39.196 INFO (MainThread) [homeassistant.components.automation.bedroom_ceiling_lights_on_bedroom_lamp_on] Bedroom Ceiling Lights on -> bedroom lamp on: Executing step call service
2025-10-22 17:51:39.198 INFO (MainThread) [homeassistant.components.automation.bedroom_ceiling_lights_3_set_my_room] Bedroom Ceiling Lights (3) -> Set My Room: Running automation actions
2025-10-22 17:51:39.205 INFO (MainThread) [homeassistant.components.automation.bedroom_ceiling_lights_3_set_my_room] Bedroom Ceiling Lights (3) -> Set My Room: Choose at step 1: default: Running automation actions
2025-10-22 17:51:39.206 INFO (MainThread) [homeassistant.components.automation.bedroom_ceiling_lights_3_set_my_room] Bedroom Ceiling Lights (3) -> Set My Room: Choose at step 1: default: Choose at step 1: choice 1: Running automation actions
2025-10-22 17:51:39.207 INFO (MainThread) [homeassistant.components.automation.bedroom_ceiling_lights_3_set_my_room] Bedroom Ceiling Lights (3) -> Set My Room: Choose at step 1: default: Choose at step 1: choice 1: Executing step call service
2025-10-22 17:51:39.209 INFO (MainThread) [homeassistant.components.automation.bedroom_ceiling_lights_3_set_my_room] Bedroom Ceiling Lights (3) -> Set My Room: Choose at step 1: default: Choose at step 1: choice 1: Executing step call service
2025-10-22 17:51:39.222 INFO (MainThread) [homeassistant.components.automation.bedroom_ceiling_lights_3_set_my_room] Bedroom Ceiling Lights (3) -> Set My Room: Choose at step 1: default: Executing step call service
2025-10-22 17:51:54.003 INFO (MainThread) [homeassistant.components.automation.bedroom_ceiling_lights_3_set_my_room] Bedroom Ceiling Lights (3) -> Set My Room: Running automation actions
2025-10-22 17:51:54.004 INFO (MainThread) [homeassistant.components.automation.bedroom_ceiling_lights_3_set_my_room] Bedroom Ceiling Lights (3) -> Set My Room: Choose at step 1: choice 1: Running automation actions
2025-10-22 17:51:54.005 INFO (MainThread) [homeassistant.components.automation.bedroom_ceiling_lights_3_set_my_room] Bedroom Ceiling Lights (3) -> Set My Room: Choose at step 1: choice 1: Executing step call service
2025-10-22 17:52:57.589 INFO (MainThread) [homeassistant.components.automation.test_bay] Test Bay: Running automation actions
2025-10-22 17:52:57.590 INFO (MainThread) [homeassistant.components.automation.test_bay] Test Bay: Executing step call service
2025-10-22 17:52:57.598 INFO (MainThread) [homeassistant.components.automation.test_bay] Test Bay: Executing step call service
2025-10-22 17:52:57.605 INFO (MainThread) [homeassistant.components.automation.test_bay] Test Bay: Executing step call service
2025-10-22 17:52:57.612 INFO (MainThread) [homeassistant.components.automation.test_bay] Test Bay: Executing step call service
2025-10-22 17:53:31.592 INFO (MainThread) [homeassistant.helpers.script.websocket_api_script] websocket_api script: Running websocket_api script
2025-10-22 17:53:31.592 INFO (MainThread) [homeassistant.helpers.script.websocket_api_script] websocket_api script: Executing step call service
2025-10-22 17:53:45.390 ERROR (MainThread) [homeassistant.components.openweathermap.coordinator] Error fetching openweathermap data: Cannot connect to host api.openweathermap.org:443 ssl:default [Timeout while contacting DNS servers]
2025-10-22 17:54:47.576 ERROR (MainThread) [aiohttp.server] Error handling request from 192.168.1.65
Traceback (most recent call last):
  File "/usr/local/lib/python3.13/site-packages/aiohttp/resolver.py", line 117, in resolve
    resp = await self._resolver.getaddrinfo(
           ^^^^^^^^^^^^^^^^^^^^^^^^^^^^^^^^^
    ...<5 lines>...
    )
    ^
aiodns.error.DNSError: (12, 'Timeout while contacting DNS servers')

The above exception was the direct cause of the following exception:

Traceback (most recent call last):
  File "/usr/local/lib/python3.13/site-packages/aiohttp/connector.py", line 1532, in _create_direct_connection
    hosts = await self._resolve_host(host, port, traces=traces)
            ^^^^^^^^^^^^^^^^^^^^^^^^^^^^^^^^^^^^^^^^^^^^^^^^^^^
  File "/usr/local/lib/python3.13/site-packages/aiohttp/connector.py", line 1123, in _resolve_host
    await future
  File "/usr/local/lib/python3.13/site-packages/aiohttp/connector.py", line 1179, in _resolve_host_with_throttle
    addrs = await self._resolver.resolve(host, port, family=self._family)
            ^^^^^^^^^^^^^^^^^^^^^^^^^^^^^^^^^^^^^^^^^^^^^^^^^^^^^^^^^^^^^
  File "/usr/local/lib/python3.13/site-packages/aiohttp_asyncmdnsresolver/_impl.py", line 140, in resolve
    return await super().resolve(host, port, family)
           ^^^^^^^^^^^^^^^^^^^^^^^^^^^^^^^^^^^^^^^^^
  File "/usr/local/lib/python3.13/site-packages/aiohttp/resolver.py", line 126, in resolve
    raise OSError(None, msg) from exc
OSError: [Errno None] Timeout while contacting DNS servers

The above exception was the direct cause of the following exception:

Traceback (most recent call last):
  File "/usr/local/lib/python3.13/site-packages/aiohttp/web_protocol.py", line 510, in _handle_request
    resp = await request_handler(request)
           ^^^^^^^^^^^^^^^^^^^^^^^^^^^^^^
  File "/usr/local/lib/python3.13/site-packages/aiohttp/web_app.py", line 569, in _handle
    return await handler(request)
           ^^^^^^^^^^^^^^^^^^^^^^
  File "/usr/local/lib/python3.13/site-packages/aiohttp/web_middlewares.py", line 117, in impl
    return await handler(request)
           ^^^^^^^^^^^^^^^^^^^^^^
  File "/usr/src/homeassistant/homeassistant/components/http/security_filter.py", line 92, in security_filter_middleware
    return await handler(request)
           ^^^^^^^^^^^^^^^^^^^^^^
  File "/usr/src/homeassistant/homeassistant/components/http/forwarded.py", line 83, in forwarded_middleware
    return await handler(request)
           ^^^^^^^^^^^^^^^^^^^^^^
  File "/usr/src/homeassistant/homeassistant/components/http/request_context.py", line 26, in request_context_middleware
    return await handler(request)
           ^^^^^^^^^^^^^^^^^^^^^^
  File "/usr/src/homeassistant/homeassistant/components/http/ban.py", line 86, in ban_middleware
    return await handler(request)
           ^^^^^^^^^^^^^^^^^^^^^^
  File "/usr/src/homeassistant/homeassistant/components/http/auth.py", line 242, in auth_middleware
    return await handler(request)
           ^^^^^^^^^^^^^^^^^^^^^^
  File "/usr/src/homeassistant/homeassistant/components/http/headers.py", line 41, in headers_middleware
    response = await handler(request)
               ^^^^^^^^^^^^^^^^^^^^^^
  File "/usr/src/homeassistant/homeassistant/helpers/http.py", line 73, in handle
    result = await handler(request, **request.match_info)
             ^^^^^^^^^^^^^^^^^^^^^^^^^^^^^^^^^^^^^^^^^^^^
  File "/usr/src/homeassistant/homeassistant/components/media_player/__init__.py", line 1332, in get
    data, content_type = await player.async_get_media_image()
                         ^^^^^^^^^^^^^^^^^^^^^^^^^^^^^^^^^^^^
  File "/usr/src/homeassistant/homeassistant/components/media_player/__init__.py", line 724, in async_get_media_image
    return await self._async_fetch_image_from_cache(url)
           ^^^^^^^^^^^^^^^^^^^^^^^^^^^^^^^^^^^^^^^^^^^^^
  File "/usr/src/homeassistant/homeassistant/components/media_player/__init__.py", line 1251, in _async_fetch_image_from_cache
    (content, content_type) = await self._async_fetch_image(url)
                              ^^^^^^^^^^^^^^^^^^^^^^^^^^^^^^^^^^
  File "/usr/src/homeassistant/homeassistant/components/media_player/__init__.py", line 1262, in _async_fetch_image
    return await async_fetch_image(_LOGGER, self.hass, url)
           ^^^^^^^^^^^^^^^^^^^^^^^^^^^^^^^^^^^^^^^^^^^^^^^^
  File "/usr/src/homeassistant/homeassistant/components/media_player/__init__.py", line 1497, in async_fetch_image
    response = await websession.get(url, timeout=_FETCH_TIMEOUT)
               ^^^^^^^^^^^^^^^^^^^^^^^^^^^^^^^^^^^^^^^^^^^^^^^^^
  File "/usr/local/lib/python3.13/site-packages/aiohttp/client.py", line 770, in _request
    resp = await handler(req)
           ^^^^^^^^^^^^^^^^^^
  File "/usr/local/lib/python3.13/site-packages/aiohttp/client.py", line 725, in _connect_and_send_request
    conn = await self._connector.connect(
           ^^^^^^^^^^^^^^^^^^^^^^^^^^^^^^
        req, traces=traces, timeout=real_timeout
        ^^^^^^^^^^^^^^^^^^^^^^^^^^^^^^^^^^^^^^^^
    )
    ^
  File "/usr/local/lib/python3.13/site-packages/aiohttp/connector.py", line 642, in connect
    proto = await self._create_connection(req, traces, timeout)
            ^^^^^^^^^^^^^^^^^^^^^^^^^^^^^^^^^^^^^^^^^^^^^^^^^^^
  File "/usr/local/lib/python3.13/site-packages/aiohttp/connector.py", line 1209, in _create_connection
    _, proto = await self._create_direct_connection(req, traces, timeout)
               ^^^^^^^^^^^^^^^^^^^^^^^^^^^^^^^^^^^^^^^^^^^^^^^^^^^^^^^^^^
  File "/usr/local/lib/python3.13/site-packages/aiohttp/connector.py", line 1538, in _create_direct_connection
    raise ClientConnectorDNSError(req.connection_key, exc) from exc
aiohttp.client_exceptions.ClientConnectorDNSError: Cannot connect to host m.media-amazon.com:443 ssl:default [Timeout while contacting DNS servers]
2025-10-22 17:54:47.616 ERROR (MainThread) [aiohttp.server] Error handling request from 192.168.1.65
Traceback (most recent call last):
  File "/usr/local/lib/python3.13/site-packages/aiohttp/resolver.py", line 117, in resolve
    resp = await self._resolver.getaddrinfo(
           ^^^^^^^^^^^^^^^^^^^^^^^^^^^^^^^^^
    ...<5 lines>...
    )
    ^
aiodns.error.DNSError: (12, 'Timeout while contacting DNS servers')

The above exception was the direct cause of the following exception:

Traceback (most recent call last):
  File "/usr/local/lib/python3.13/site-packages/aiohttp/connector.py", line 1532, in _create_direct_connection
    hosts = await self._resolve_host(host, port, traces=traces)
            ^^^^^^^^^^^^^^^^^^^^^^^^^^^^^^^^^^^^^^^^^^^^^^^^^^^
  File "/usr/local/lib/python3.13/site-packages/aiohttp/connector.py", line 1123, in _resolve_host
    await future
  File "/usr/local/lib/python3.13/site-packages/aiohttp/connector.py", line 1179, in _resolve_host_with_throttle
    addrs = await self._resolver.resolve(host, port, family=self._family)
            ^^^^^^^^^^^^^^^^^^^^^^^^^^^^^^^^^^^^^^^^^^^^^^^^^^^^^^^^^^^^^
  File "/usr/local/lib/python3.13/site-packages/aiohttp_asyncmdnsresolver/_impl.py", line 140, in resolve
    return await super().resolve(host, port, family)
           ^^^^^^^^^^^^^^^^^^^^^^^^^^^^^^^^^^^^^^^^^
  File "/usr/local/lib/python3.13/site-packages/aiohttp/resolver.py", line 126, in resolve
    raise OSError(None, msg) from exc
OSError: [Errno None] Timeout while contacting DNS servers

The above exception was the direct cause of the following exception:

Traceback (most recent call last):
  File "/usr/local/lib/python3.13/site-packages/aiohttp/web_protocol.py", line 510, in _handle_request
    resp = await request_handler(request)
           ^^^^^^^^^^^^^^^^^^^^^^^^^^^^^^
  File "/usr/local/lib/python3.13/site-packages/aiohttp/web_app.py", line 569, in _handle
    return await handler(request)
           ^^^^^^^^^^^^^^^^^^^^^^
  File "/usr/local/lib/python3.13/site-packages/aiohttp/web_middlewares.py", line 117, in impl
    return await handler(request)
           ^^^^^^^^^^^^^^^^^^^^^^
  File "/usr/src/homeassistant/homeassistant/components/http/security_filter.py", line 92, in security_filter_middleware
    return await handler(request)
           ^^^^^^^^^^^^^^^^^^^^^^
  File "/usr/src/homeassistant/homeassistant/components/http/forwarded.py", line 83, in forwarded_middleware
    return await handler(request)
           ^^^^^^^^^^^^^^^^^^^^^^
  File "/usr/src/homeassistant/homeassistant/components/http/request_context.py", line 26, in request_context_middleware
    return await handler(request)
           ^^^^^^^^^^^^^^^^^^^^^^
  File "/usr/src/homeassistant/homeassistant/components/http/ban.py", line 86, in ban_middleware
    return await handler(request)
           ^^^^^^^^^^^^^^^^^^^^^^
  File "/usr/src/homeassistant/homeassistant/components/http/auth.py", line 242, in auth_middleware
    return await handler(request)
           ^^^^^^^^^^^^^^^^^^^^^^
  File "/usr/src/homeassistant/homeassistant/components/http/headers.py", line 41, in headers_middleware
    response = await handler(request)
               ^^^^^^^^^^^^^^^^^^^^^^
  File "/usr/src/homeassistant/homeassistant/helpers/http.py", line 73, in handle
    result = await handler(request, **request.match_info)
             ^^^^^^^^^^^^^^^^^^^^^^^^^^^^^^^^^^^^^^^^^^^^
  File "/usr/src/homeassistant/homeassistant/components/media_player/__init__.py", line 1332, in get
    data, content_type = await player.async_get_media_image()
                         ^^^^^^^^^^^^^^^^^^^^^^^^^^^^^^^^^^^^
  File "/usr/src/homeassistant/homeassistant/components/media_player/__init__.py", line 724, in async_get_media_image
    return await self._async_fetch_image_from_cache(url)
           ^^^^^^^^^^^^^^^^^^^^^^^^^^^^^^^^^^^^^^^^^^^^^
  File "/usr/src/homeassistant/homeassistant/components/media_player/__init__.py", line 1251, in _async_fetch_image_from_cache
    (content, content_type) = await self._async_fetch_image(url)
                              ^^^^^^^^^^^^^^^^^^^^^^^^^^^^^^^^^^
  File "/usr/src/homeassistant/homeassistant/components/media_player/__init__.py", line 1262, in _async_fetch_image
    return await async_fetch_image(_LOGGER, self.hass, url)
           ^^^^^^^^^^^^^^^^^^^^^^^^^^^^^^^^^^^^^^^^^^^^^^^^
  File "/usr/src/homeassistant/homeassistant/components/media_player/__init__.py", line 1497, in async_fetch_image
    response = await websession.get(url, timeout=_FETCH_TIMEOUT)
               ^^^^^^^^^^^^^^^^^^^^^^^^^^^^^^^^^^^^^^^^^^^^^^^^^
  File "/usr/local/lib/python3.13/site-packages/aiohttp/client.py", line 770, in _request
    resp = await handler(req)
           ^^^^^^^^^^^^^^^^^^
  File "/usr/local/lib/python3.13/site-packages/aiohttp/client.py", line 725, in _connect_and_send_request
    conn = await self._connector.connect(
           ^^^^^^^^^^^^^^^^^^^^^^^^^^^^^^
        req, traces=traces, timeout=real_timeout
        ^^^^^^^^^^^^^^^^^^^^^^^^^^^^^^^^^^^^^^^^
    )
    ^
  File "/usr/local/lib/python3.13/site-packages/aiohttp/connector.py", line 642, in connect
    proto = await self._create_connection(req, traces, timeout)
            ^^^^^^^^^^^^^^^^^^^^^^^^^^^^^^^^^^^^^^^^^^^^^^^^^^^
  File "/usr/local/lib/python3.13/site-packages/aiohttp/connector.py", line 1209, in _create_connection
    _, proto = await self._create_direct_connection(req, traces, timeout)
               ^^^^^^^^^^^^^^^^^^^^^^^^^^^^^^^^^^^^^^^^^^^^^^^^^^^^^^^^^^
  File "/usr/local/lib/python3.13/site-packages/aiohttp/connector.py", line 1538, in _create_direct_connection
    raise ClientConnectorDNSError(req.connection_key, exc) from exc
aiohttp.client_exceptions.ClientConnectorDNSError: Cannot connect to host m.media-amazon.com:443 ssl:default [Timeout while contacting DNS servers]
2025-10-22 17:54:47.640 ERROR (MainThread) [aiohttp.server] Error handling request from 192.168.1.65
Traceback (most recent call last):
  File "/usr/local/lib/python3.13/site-packages/aiohttp/resolver.py", line 117, in resolve
    resp = await self._resolver.getaddrinfo(
           ^^^^^^^^^^^^^^^^^^^^^^^^^^^^^^^^^
    ...<5 lines>...
    )
    ^
aiodns.error.DNSError: (12, 'Timeout while contacting DNS servers')

The above exception was the direct cause of the following exception:

Traceback (most recent call last):
  File "/usr/local/lib/python3.13/site-packages/aiohttp/connector.py", line 1532, in _create_direct_connection
    hosts = await self._resolve_host(host, port, traces=traces)
            ^^^^^^^^^^^^^^^^^^^^^^^^^^^^^^^^^^^^^^^^^^^^^^^^^^^
  File "/usr/local/lib/python3.13/site-packages/aiohttp/connector.py", line 1148, in _resolve_host
    return await asyncio.shield(resolved_host_task)
           ^^^^^^^^^^^^^^^^^^^^^^^^^^^^^^^^^^^^^^^^
  File "/usr/local/lib/python3.13/site-packages/aiohttp/connector.py", line 1532, in _create_direct_connection
    hosts = await self._resolve_host(host, port, traces=traces)
            ^^^^^^^^^^^^^^^^^^^^^^^^^^^^^^^^^^^^^^^^^^^^^^^^^^^
  File "/usr/local/lib/python3.13/site-packages/aiohttp/connector.py", line 1123, in _resolve_host
    await future
  File "/usr/local/lib/python3.13/site-packages/aiohttp/connector.py", line 1179, in _resolve_host_with_throttle
    addrs = await self._resolver.resolve(host, port, family=self._family)
            ^^^^^^^^^^^^^^^^^^^^^^^^^^^^^^^^^^^^^^^^^^^^^^^^^^^^^^^^^^^^^
  File "/usr/local/lib/python3.13/site-packages/aiohttp_asyncmdnsresolver/_impl.py", line 140, in resolve
    return await super().resolve(host, port, family)
           ^^^^^^^^^^^^^^^^^^^^^^^^^^^^^^^^^^^^^^^^^
  File "/usr/local/lib/python3.13/site-packages/aiohttp/resolver.py", line 126, in resolve
    raise OSError(None, msg) from exc
OSError: [Errno None] Timeout while contacting DNS servers

The above exception was the direct cause of the following exception:

Traceback (most recent call last):
  File "/usr/local/lib/python3.13/site-packages/aiohttp/web_protocol.py", line 510, in _handle_request
    resp = await request_handler(request)
           ^^^^^^^^^^^^^^^^^^^^^^^^^^^^^^
  File "/usr/local/lib/python3.13/site-packages/aiohttp/web_app.py", line 569, in _handle
    return await handler(request)
           ^^^^^^^^^^^^^^^^^^^^^^
  File "/usr/local/lib/python3.13/site-packages/aiohttp/web_middlewares.py", line 117, in impl
    return await handler(request)
           ^^^^^^^^^^^^^^^^^^^^^^
  File "/usr/src/homeassistant/homeassistant/components/http/security_filter.py", line 92, in security_filter_middleware
    return await handler(request)
           ^^^^^^^^^^^^^^^^^^^^^^
  File "/usr/src/homeassistant/homeassistant/components/http/forwarded.py", line 83, in forwarded_middleware
    return await handler(request)
           ^^^^^^^^^^^^^^^^^^^^^^
  File "/usr/src/homeassistant/homeassistant/components/http/request_context.py", line 26, in request_context_middleware
    return await handler(request)
           ^^^^^^^^^^^^^^^^^^^^^^
  File "/usr/src/homeassistant/homeassistant/components/http/ban.py", line 86, in ban_middleware
    return await handler(request)
           ^^^^^^^^^^^^^^^^^^^^^^
  File "/usr/src/homeassistant/homeassistant/components/http/auth.py", line 242, in auth_middleware
    return await handler(request)
           ^^^^^^^^^^^^^^^^^^^^^^
  File "/usr/src/homeassistant/homeassistant/components/http/headers.py", line 41, in headers_middleware
    response = await handler(request)
               ^^^^^^^^^^^^^^^^^^^^^^
  File "/usr/src/homeassistant/homeassistant/helpers/http.py", line 73, in handle
    result = await handler(request, **request.match_info)
             ^^^^^^^^^^^^^^^^^^^^^^^^^^^^^^^^^^^^^^^^^^^^
  File "/usr/src/homeassistant/homeassistant/components/media_player/__init__.py", line 1332, in get
    data, content_type = await player.async_get_media_image()
                         ^^^^^^^^^^^^^^^^^^^^^^^^^^^^^^^^^^^^
  File "/usr/src/homeassistant/homeassistant/components/media_player/__init__.py", line 724, in async_get_media_image
    return await self._async_fetch_image_from_cache(url)
           ^^^^^^^^^^^^^^^^^^^^^^^^^^^^^^^^^^^^^^^^^^^^^
  File "/usr/src/homeassistant/homeassistant/components/media_player/__init__.py", line 1251, in _async_fetch_image_from_cache
    (content, content_type) = await self._async_fetch_image(url)
                              ^^^^^^^^^^^^^^^^^^^^^^^^^^^^^^^^^^
  File "/usr/src/homeassistant/homeassistant/components/media_player/__init__.py", line 1262, in _async_fetch_image
    return await async_fetch_image(_LOGGER, self.hass, url)
           ^^^^^^^^^^^^^^^^^^^^^^^^^^^^^^^^^^^^^^^^^^^^^^^^
  File "/usr/src/homeassistant/homeassistant/components/media_player/__init__.py", line 1497, in async_fetch_image
    response = await websession.get(url, timeout=_FETCH_TIMEOUT)
               ^^^^^^^^^^^^^^^^^^^^^^^^^^^^^^^^^^^^^^^^^^^^^^^^^
  File "/usr/local/lib/python3.13/site-packages/aiohttp/client.py", line 770, in _request
    resp = await handler(req)
           ^^^^^^^^^^^^^^^^^^
  File "/usr/local/lib/python3.13/site-packages/aiohttp/client.py", line 725, in _connect_and_send_request
    conn = await self._connector.connect(
           ^^^^^^^^^^^^^^^^^^^^^^^^^^^^^^
        req, traces=traces, timeout=real_timeout
        ^^^^^^^^^^^^^^^^^^^^^^^^^^^^^^^^^^^^^^^^
    )
    ^
  File "/usr/local/lib/python3.13/site-packages/aiohttp/connector.py", line 642, in connect
    proto = await self._create_connection(req, traces, timeout)
            ^^^^^^^^^^^^^^^^^^^^^^^^^^^^^^^^^^^^^^^^^^^^^^^^^^^
  File "/usr/local/lib/python3.13/site-packages/aiohttp/connector.py", line 1209, in _create_connection
    _, proto = await self._create_direct_connection(req, traces, timeout)
               ^^^^^^^^^^^^^^^^^^^^^^^^^^^^^^^^^^^^^^^^^^^^^^^^^^^^^^^^^^
  File "/usr/local/lib/python3.13/site-packages/aiohttp/connector.py", line 1538, in _create_direct_connection
    raise ClientConnectorDNSError(req.connection_key, exc) from exc
aiohttp.client_exceptions.ClientConnectorDNSError: Cannot connect to host m.media-amazon.com:443 ssl:default [Timeout while contacting DNS servers]
2025-10-22 17:55:28.029 INFO (MainThread) [homeassistant.helpers.script.websocket_api_script] websocket_api script: Running websocket_api script
2025-10-22 17:55:28.030 INFO (MainThread) [homeassistant.helpers.script.websocket_api_script] websocket_api script: Skipped disabled step call_service
2025-10-22 17:55:37.004 INFO (MainThread) [homeassistant.components.automation.test_bay] Initialized trigger Test Bay
2025-10-22 17:55:39.015 INFO (MainThread) [homeassistant.helpers.script.websocket_api_script] websocket_api script: Running websocket_api script
2025-10-22 17:55:39.016 INFO (MainThread) [homeassistant.helpers.script.websocket_api_script] websocket_api script: Executing step call service
2025-10-22 17:55:46.834 INFO (MainThread) [homeassistant.helpers.script.websocket_api_script] websocket_api script: Running websocket_api script
2025-10-22 17:55:46.835 INFO (MainThread) [homeassistant.helpers.script.websocket_api_script] websocket_api script: Executing step call service
2025-10-22 17:55:56.041 INFO (MainThread) [homeassistant.helpers.script.websocket_api_script] websocket_api script: Running websocket_api script
2025-10-22 17:55:56.041 INFO (MainThread) [homeassistant.helpers.script.websocket_api_script] websocket_api script: Executing step call service
2025-10-22 17:56:39.403 INFO (MainThread) [homeassistant.components.automation.test_bay] Initialized trigger Test Bay
2025-10-22 17:56:44.260 INFO (MainThread) [homeassistant.helpers.script.websocket_api_script] websocket_api script: Running websocket_api script
2025-10-22 17:56:44.260 INFO (MainThread) [homeassistant.helpers.script.websocket_api_script] websocket_api script: Executing step call service
2025-10-22 17:57:02.840 INFO (MainThread) [homeassistant.helpers.script.websocket_api_script] websocket_api script: Running websocket_api script
2025-10-22 17:57:02.841 INFO (MainThread) [homeassistant.helpers.script.websocket_api_script] websocket_api script: Executing step call service
2025-10-22 17:57:11.395 INFO (MainThread) [homeassistant.helpers.script.websocket_api_script] websocket_api script: Running websocket_api script
2025-10-22 17:57:11.396 INFO (MainThread) [homeassistant.helpers.script.websocket_api_script] websocket_api script: Executing step call service
2025-10-22 17:57:17.488 INFO (MainThread) [homeassistant.helpers.script.websocket_api_script] websocket_api script: Running websocket_api script
2025-10-22 17:57:17.489 INFO (MainThread) [homeassistant.helpers.script.websocket_api_script] websocket_api script: Executing step call service
2025-10-22 17:57:37.558 INFO (MainThread) [homeassistant.helpers.script.websocket_api_script] websocket_api script: Running websocket_api script
2025-10-22 17:57:37.559 INFO (MainThread) [homeassistant.helpers.script.websocket_api_script] websocket_api script: Executing step call service
2025-10-22 17:57:42.253 INFO (MainThread) [homeassistant.helpers.script.websocket_api_script] websocket_api script: Running websocket_api script
2025-10-22 17:57:42.254 INFO (MainThread) [homeassistant.helpers.script.websocket_api_script] websocket_api script: Executing step call service
2025-10-22 17:58:07.392 INFO (MainThread) [homeassistant.components.automation.test_bay] Initialized trigger Test Bay
2025-10-22 17:58:12.434 INFO (MainThread) [homeassistant.helpers.script.websocket_api_script] websocket_api script: Running websocket_api script
2025-10-22 17:58:12.435 INFO (MainThread) [homeassistant.helpers.script.websocket_api_script] websocket_api script: Executing step call service
2025-10-22 17:58:34.924 INFO (MainThread) [homeassistant.helpers.script.websocket_api_script] websocket_api script: Running websocket_api script
2025-10-22 17:58:34.924 INFO (MainThread) [homeassistant.helpers.script.websocket_api_script] websocket_api script: Executing step call service
2025-10-22 17:58:52.931 INFO (MainThread) [homeassistant.helpers.script.websocket_api_script] websocket_api script: Running websocket_api script
2025-10-22 17:58:52.931 INFO (MainThread) [homeassistant.helpers.script.websocket_api_script] websocket_api script: Executing step call service
2025-10-22 17:59:17.327 INFO (MainThread) [homeassistant.helpers.script.websocket_api_script] websocket_api script: Running websocket_api script
2025-10-22 17:59:17.327 INFO (MainThread) [homeassistant.helpers.script.websocket_api_script] websocket_api script: Executing step call service
2025-10-22 17:59:43.411 INFO (MainThread) [homeassistant.components.automation.test_bay] Initialized trigger Test Bay
2025-10-22 17:59:47.732 INFO (MainThread) [homeassistant.components.automation.test_bay] Test Bay: Running automation actions
2025-10-22 17:59:47.733 INFO (MainThread) [homeassistant.components.automation.test_bay] Test Bay: Executing step call service
2025-10-22 17:59:47.735 INFO (MainThread) [homeassistant.components.automation.test_bay] Test Bay: Executing step call service
2025-10-22 17:59:47.762 INFO (MainThread) [homeassistant.components.automation.test_bay] Test Bay: Executing step call service
2025-10-22 17:59:47.766 INFO (MainThread) [homeassistant.components.automation.test_bay] Test Bay: Executing step call service
2025-10-22 17:59:47.772 INFO (MainThread) [homeassistant.components.automation.test_bay] Test Bay: Skipped disabled step call_service
2025-10-22 18:00:23.768 INFO (MainThread) [homeassistant.components.automation.test_bay] Initialized trigger Test Bay
2025-10-22 18:00:34.161 INFO (MainThread) [homeassistant.components.automation.test_bay] Test Bay: Running automation actions
2025-10-22 18:00:34.161 INFO (MainThread) [homeassistant.components.automation.test_bay] Test Bay: Executing step call service
2025-10-22 18:00:34.163 INFO (MainThread) [homeassistant.components.automation.test_bay] Test Bay: Executing step call service
2025-10-22 18:00:34.173 INFO (MainThread) [homeassistant.components.automation.test_bay] Test Bay: Executing step call service
2025-10-22 18:00:34.177 INFO (MainThread) [homeassistant.components.automation.test_bay] Test Bay: Executing step call service
2025-10-22 18:00:34.182 INFO (MainThread) [homeassistant.components.automation.test_bay] Test Bay: Skipped disabled step call_service
2025-10-22 18:02:11.964 INFO (MainThread) [homeassistant.helpers.script.websocket_api_script] websocket_api script: Running websocket_api script
2025-10-22 18:02:11.965 INFO (MainThread) [homeassistant.helpers.script.websocket_api_script] websocket_api script: Executing step call service
2025-10-22 18:02:24.974 INFO (MainThread) [homeassistant.components.automation.test_bay] Test Bay: Running automation actions
2025-10-22 18:02:24.975 INFO (MainThread) [homeassistant.components.automation.test_bay] Test Bay: Executing step call service
2025-10-22 18:02:24.977 INFO (MainThread) [homeassistant.components.automation.test_bay] Test Bay: Executing step call service
2025-10-22 18:02:24.993 INFO (MainThread) [homeassistant.components.automation.test_bay] Test Bay: Executing step call service
2025-10-22 18:02:24.999 INFO (MainThread) [homeassistant.components.automation.test_bay] Test Bay: Executing step call service
2025-10-22 18:02:25.003 INFO (MainThread) [homeassistant.components.automation.test_bay] Test Bay: Skipped disabled step call_service
2025-10-22 18:03:13.426 INFO (MainThread) [homeassistant.components.automation.test_bay] Test Bay: Running automation actions
2025-10-22 18:03:13.427 INFO (MainThread) [homeassistant.components.automation.test_bay] Test Bay: Executing step call service
2025-10-22 18:03:13.429 INFO (MainThread) [homeassistant.components.automation.test_bay] Test Bay: Executing step call service
2025-10-22 18:03:13.438 INFO (MainThread) [homeassistant.components.automation.test_bay] Test Bay: Executing step call service
2025-10-22 18:03:13.442 INFO (MainThread) [homeassistant.components.automation.test_bay] Test Bay: Executing step call service
2025-10-22 18:03:13.447 INFO (MainThread) [homeassistant.components.automation.test_bay] Test Bay: Skipped disabled step call_service
2025-10-22 18:03:27.578 INFO (MainThread) [homeassistant.components.automation.test_bay] Test Bay: Running automation actions
2025-10-22 18:03:27.578 INFO (MainThread) [homeassistant.components.automation.test_bay] Test Bay: Executing step call service
2025-10-22 18:03:27.581 INFO (MainThread) [homeassistant.components.automation.test_bay] Test Bay: Executing step call service
2025-10-22 18:03:27.589 INFO (MainThread) [homeassistant.components.automation.test_bay] Test Bay: Executing step call service
2025-10-22 18:03:27.597 INFO (MainThread) [homeassistant.components.automation.test_bay] Test Bay: Executing step call service
2025-10-22 18:03:27.603 INFO (MainThread) [homeassistant.components.automation.test_bay] Test Bay: Skipped disabled step call_service
2025-10-22 18:03:39.151 INFO (MainThread) [homeassistant.components.automation.test_bay] Test Bay: Running automation actions
2025-10-22 18:03:39.152 INFO (MainThread) [homeassistant.components.automation.test_bay] Test Bay: Executing step call service
2025-10-22 18:03:39.154 INFO (MainThread) [homeassistant.components.automation.test_bay] Test Bay: Executing step call service
2025-10-22 18:03:39.170 INFO (MainThread) [homeassistant.components.automation.test_bay] Test Bay: Executing step call service
2025-10-22 18:03:39.176 INFO (MainThread) [homeassistant.components.automation.test_bay] Test Bay: Executing step call service
2025-10-22 18:03:39.183 INFO (MainThread) [homeassistant.components.automation.test_bay] Test Bay: Skipped disabled step call_service
2025-10-22 18:03:57.345 INFO (MainThread) [homeassistant.components.automation.test_bay] Test Bay: Running automation actions
2025-10-22 18:03:57.345 INFO (MainThread) [homeassistant.components.automation.test_bay] Test Bay: Executing step call service
2025-10-22 18:03:57.347 INFO (MainThread) [homeassistant.components.automation.test_bay] Test Bay: Executing step call service
2025-10-22 18:03:57.360 INFO (MainThread) [homeassistant.components.automation.test_bay] Test Bay: Executing step call service
2025-10-22 18:03:57.372 INFO (MainThread) [homeassistant.components.automation.test_bay] Test Bay: Executing step call service
2025-10-22 18:03:57.376 INFO (MainThread) [homeassistant.components.automation.test_bay] Test Bay: Skipped disabled step call_service
2025-10-22 18:04:15.121 INFO (MainThread) [homeassistant.helpers.script.websocket_api_script] websocket_api script: Running websocket_api script
2025-10-22 18:04:15.121 INFO (MainThread) [homeassistant.helpers.script.websocket_api_script] websocket_api script: Executing step call service
2025-10-22 18:04:22.236 INFO (MainThread) [homeassistant.components.automation.test_bay] Initialized trigger Test Bay
2025-10-22 18:05:20.926 INFO (MainThread) [homeassistant.components.automation.test_bay] Initialized trigger Test Bay
2025-10-22 18:05:34.452 INFO (MainThread) [homeassistant.helpers.script.websocket_api_script] websocket_api script: Running websocket_api script
2025-10-22 18:05:34.454 INFO (MainThread) [homeassistant.helpers.script.websocket_api_script] websocket_api script: Executing step call service
2025-10-22 18:05:45.934 INFO (MainThread) [homeassistant.helpers.script.websocket_api_script] websocket_api script: Running websocket_api script
2025-10-22 18:05:45.935 INFO (MainThread) [homeassistant.helpers.script.websocket_api_script] websocket_api script: Sequence action at step 1: Running websocket_api script
2025-10-22 18:05:45.936 INFO (MainThread) [homeassistant.helpers.script.websocket_api_script] websocket_api script: Sequence action at step 1: Executing step call service
2025-10-22 18:05:45.938 INFO (MainThread) [homeassistant.helpers.script.websocket_api_script] websocket_api script: Sequence action at step 1: Executing step call service
2025-10-22 18:05:45.953 INFO (MainThread) [homeassistant.helpers.script.websocket_api_script] websocket_api script: Sequence action at step 1: Executing step call service
2025-10-22 18:05:45.960 INFO (MainThread) [homeassistant.helpers.script.websocket_api_script] websocket_api script: Sequence action at step 1: Executing step call service
2025-10-22 18:05:58.021 INFO (MainThread) [homeassistant.helpers.script.websocket_api_script] websocket_api script: Running websocket_api script
2025-10-22 18:05:58.022 INFO (MainThread) [homeassistant.helpers.script.websocket_api_script] websocket_api script: Sequence action at step 1: Running websocket_api script
2025-10-22 18:05:58.023 INFO (MainThread) [homeassistant.helpers.script.websocket_api_script] websocket_api script: Sequence action at step 1: Executing step call service
2025-10-22 18:05:58.029 INFO (MainThread) [homeassistant.helpers.script.websocket_api_script] websocket_api script: Sequence action at step 1: Executing step call service
2025-10-22 18:07:27.548 INFO (MainThread) [homeassistant.components.automation.test_bay] Initialized trigger Test Bay
2025-10-22 18:07:29.488 INFO (MainThread) [homeassistant.helpers.script.websocket_api_script] websocket_api script: Running websocket_api script
2025-10-22 18:07:29.489 INFO (MainThread) [homeassistant.helpers.script.websocket_api_script] websocket_api script: Executing step call service
2025-10-22 18:07:48.080 INFO (MainThread) [homeassistant.helpers.script.websocket_api_script] websocket_api script: Running websocket_api script
2025-10-22 18:07:48.081 INFO (MainThread) [homeassistant.helpers.script.websocket_api_script] websocket_api script: Executing step call service
2025-10-22 18:07:51.999 INFO (MainThread) [homeassistant.components.automation.test_bay] Initialized trigger Test Bay
2025-10-22 18:08:17.106 INFO (MainThread) [homeassistant.components.automation.test_bay] Initialized trigger Test Bay
2025-10-22 18:08:51.197 INFO (MainThread) [homeassistant.components.automation.living_room_lamp] Living Room Lamp: Running automation actions
2025-10-22 18:08:51.885 WARNING (MainThread) [alexapy.helpers] alexaapi.get_customer_history_records((<alexapy.alexalogin.AlexaLogin object at 0xffff442f6ba0>,), {'max_record_size': 10}): Timeout error occurred accessing AlexaAPI: An exception of type CancelledError occurred. Arguments:
()
2025-10-22 18:16:08.075 INFO (MainThread) [homeassistant.components.automation.workday_wake_goodnight] Initialized trigger Workday Wake-up / 1am Goodnight
2025-10-22 18:16:34.706 INFO (MainThread) [homeassistant.components.automation.test_bay] Initialized trigger Test Bay
2025-10-22 18:20:05.844 INFO (MainThread) [homeassistant.components.automation.bedroom_ceiling_lights_3_set_my_room] Bedroom Ceiling Lights (3) -> Set My Room: Running automation actions
2025-10-22 18:20:05.846 INFO (MainThread) [homeassistant.components.automation.bedroom_ceiling_lights_3_set_my_room] Bedroom Ceiling Lights (3) -> Set My Room: Choose at step 1: default: Running automation actions
2025-10-22 18:20:05.847 INFO (MainThread) [homeassistant.components.automation.bedroom_ceiling_lights_3_set_my_room] Bedroom Ceiling Lights (3) -> Set My Room: Choose at step 1: default: Choose at step 1: choice 1: Running automation actions
2025-10-22 18:20:05.848 INFO (MainThread) [homeassistant.components.automation.bedroom_ceiling_lights_3_set_my_room] Bedroom Ceiling Lights (3) -> Set My Room: Choose at step 1: default: Choose at step 1: choice 1: Executing step call service
2025-10-22 18:20:05.853 INFO (MainThread) [homeassistant.components.automation.bedroom_ceiling_lights_3_set_my_room] Bedroom Ceiling Lights (3) -> Set My Room: Choose at step 1: default: Choose at step 1: choice 1: Executing step call service
2025-10-22 18:20:05.856 INFO (MainThread) [homeassistant.components.automation.bedroom_ceiling_lights_3_set_my_room] Bedroom Ceiling Lights (3) -> Set My Room: Choose at step 1: default: Executing step call service
2025-10-22 18:20:20.002 INFO (MainThread) [homeassistant.components.automation.bedroom_ceiling_lights_3_set_my_room] Bedroom Ceiling Lights (3) -> Set My Room: Running automation actions
2025-10-22 18:20:20.003 INFO (MainThread) [homeassistant.components.automation.bedroom_ceiling_lights_3_set_my_room] Bedroom Ceiling Lights (3) -> Set My Room: Choose at step 1: choice 1: Running automation actions
2025-10-22 18:20:20.003 INFO (MainThread) [homeassistant.components.automation.bedroom_ceiling_lights_3_set_my_room] Bedroom Ceiling Lights (3) -> Set My Room: Choose at step 1: choice 1: Executing step call service
2025-10-22 18:54:14.050 INFO (MainThread) [homeassistant.components.automation.hue_dimmer_switch] Hue Dimmer Switch: Running automation actions
2025-10-22 18:54:14.059 INFO (MainThread) [homeassistant.components.automation.hue_dimmer_switch] Hue Dimmer Switch: Choose at step 1: choice 9: Running automation actions
2025-10-22 18:54:14.060 INFO (MainThread) [homeassistant.components.automation.hue_dimmer_switch] Hue Dimmer Switch: Choose at step 1: choice 9: Executing step call service
2025-10-22 19:11:02.548 INFO (MainThread) [homeassistant.components.automation.hue_dimmer_switch] Hue Dimmer Switch: Running automation actions
2025-10-22 19:11:02.556 INFO (MainThread) [homeassistant.components.automation.hue_dimmer_switch] Hue Dimmer Switch: Choose at step 1: choice 10: Running automation actions
2025-10-22 19:11:02.556 INFO (MainThread) [homeassistant.components.automation.hue_dimmer_switch] Hue Dimmer Switch: Choose at step 1: choice 10: Executing step call service
2025-10-22 19:23:17.874 ERROR (MainThread) [homeassistant.components.roku.coordinator] Error fetching roku data: Invalid response from API: Timeout occurred while connecting to device
2025-10-22 20:07:40.412 WARNING (MainThread) [homeassistant.helpers.entity] Update of sensor.blake_foster30_gmail_com_vacation_end_date is taking over 10 seconds
2025-10-22 20:13:54.216 INFO (MainThread) [homeassistant.components.automation.hue_dimmer_switch] Hue Dimmer Switch: Running automation actions
2025-10-22 20:13:54.217 INFO (MainThread) [homeassistant.components.automation.hue_dimmer_switch] Hue Dimmer Switch: Choose at step 1: choice 1: Running automation actions
2025-10-22 20:13:54.218 INFO (MainThread) [homeassistant.components.automation.hue_dimmer_switch] Hue Dimmer Switch: Choose at step 1: choice 1: Executing step call service
2025-10-22 20:55:51.481 INFO (MainThread) [homeassistant.components.automation.hue_dimmer_switch] Hue Dimmer Switch: Running automation actions
2025-10-22 20:55:51.489 INFO (MainThread) [homeassistant.components.automation.hue_dimmer_switch] Hue Dimmer Switch: Choose at step 1: choice 9: Running automation actions
2025-10-22 20:55:51.489 INFO (MainThread) [homeassistant.components.automation.hue_dimmer_switch] Hue Dimmer Switch: Choose at step 1: choice 9: Executing step call service
2025-10-22 20:55:59.060 INFO (MainThread) [homeassistant.components.automation.hue_dimmer_switch] Hue Dimmer Switch: Running automation actions
2025-10-22 20:55:59.078 INFO (MainThread) [homeassistant.components.automation.hue_dimmer_switch] Hue Dimmer Switch: Choose at step 1: choice 10: Running automation actions
2025-10-22 20:55:59.078 INFO (MainThread) [homeassistant.components.automation.hue_dimmer_switch] Hue Dimmer Switch: Choose at step 1: choice 10: Executing step call service
2025-10-22 21:08:13.874 ERROR (MainThread) [homeassistant.components.roku.coordinator] Error fetching roku data: Invalid response from API: Timeout occurred while connecting to device
2025-10-22 23:00:00.472 INFO (MainThread) [homeassistant.components.automation.work_schedule_automations] Work Schedule Automations : Running automation actions
2025-10-22 23:00:00.474 INFO (MainThread) [homeassistant.components.automation.work_schedule_automations] Work Schedule Automations : Choose at step 1: choice 2: Running automation actions
2025-10-22 23:00:00.490 INFO (MainThread) [homeassistant.components.automation.work_schedule_automations] Work Schedule Automations : Choose at step 1: choice 2: If at step 1: Running automation actions
2025-10-22 23:00:00.491 INFO (MainThread) [homeassistant.components.automation.work_schedule_automations] Work Schedule Automations : Choose at step 1: choice 2: If at step 1: Executing step call service
2025-10-22 23:06:18.421 INFO (MainThread) [homeassistant.components.automation.hue_dimmer_switch] Hue Dimmer Switch: Running automation actions
2025-10-22 23:06:18.423 INFO (MainThread) [homeassistant.components.automation.hue_dimmer_switch] Hue Dimmer Switch: Choose at step 1: choice 1: Running automation actions
2025-10-22 23:06:18.423 INFO (MainThread) [homeassistant.components.automation.hue_dimmer_switch] Hue Dimmer Switch: Choose at step 1: choice 1: Executing step call service
2025-10-22 23:12:52.203 INFO (MainThread) [homeassistant.components.automation.closet_light_bathroom_light] Closet light -> bathroom light: Running automation actions
2025-10-22 23:12:52.205 INFO (MainThread) [homeassistant.components.automation.closet_light_bathroom_light] Closet light -> bathroom light: Choose at step 1: choice 1: Running automation actions
2025-10-22 23:12:52.206 INFO (MainThread) [homeassistant.components.automation.closet_light_bathroom_light] Closet light -> bathroom light: Choose at step 1: choice 1: Executing step call service
2025-10-22 23:12:52.316 INFO (MainThread) [homeassistant.components.automation.closet_light_bathroom_light] Closet light -> bathroom light: Choose at step 1: choice 1: Executing step call service
2025-10-22 23:12:52.319 INFO (MainThread) [homeassistant.components.automation.closet_light_bathroom_light] Closet light -> bathroom light: Choose at step 1: choice 1: Executing step delay 0:30:00
2025-10-22 23:14:49.995 INFO (MainThread) [homeassistant.components.automation.stamp_last_motion_on_time] Stamp last motion ON time: Running automation actions
2025-10-22 23:14:49.996 INFO (MainThread) [homeassistant.components.automation.stamp_last_motion_on_time] Stamp last motion ON time: Choose at step 1: choice 1: Running automation actions
2025-10-22 23:14:49.997 INFO (MainThread) [homeassistant.components.automation.stamp_last_motion_on_time] Stamp last motion ON time: Choose at step 1: choice 1: Executing step call service
2025-10-22 23:14:52.051 INFO (MainThread) [homeassistant.components.automation.test_door_plus_motion] Workday Door plus motion: Running automation actions
2025-10-22 23:14:52.053 INFO (MainThread) [homeassistant.components.automation.workday_wake_goodnight] Workday Wake-up / 1am Goodnight: Running automation actions
2025-10-22 23:15:50.008 INFO (MainThread) [homeassistant.components.automation.stamp_last_motion_on_time] Stamp last motion ON time: Running automation actions
2025-10-22 23:15:50.010 INFO (MainThread) [homeassistant.components.automation.stamp_last_motion_on_time] Stamp last motion ON time: Choose at step 1: choice 2: Running automation actions
2025-10-22 23:15:50.010 INFO (MainThread) [homeassistant.components.automation.stamp_last_motion_on_time] Stamp last motion ON time: Choose at step 1: choice 2: Executing step call service
2025-10-22 23:15:50.011 ERROR (MainThread) [homeassistant.components.automation.stamp_last_motion_on_time] Stamp last motion ON time: Choose at step 1: choice 2: Error executing script. Invalid data for call_service at pos 1: Invalid datetime specified:  for dictionary value @ data['datetime']
2025-10-22 23:15:50.016 ERROR (MainThread) [homeassistant.components.automation.stamp_last_motion_on_time] Stamp last motion ON time: Error executing script. Invalid data for choose at pos 1: Invalid datetime specified:  for dictionary value @ data['datetime']
2025-10-22 23:15:50.017 ERROR (MainThread) [homeassistant.components.automation.stamp_last_motion_on_time] Error while executing automation automation.stamp_last_motion_on_time: Invalid datetime specified:  for dictionary value @ data['datetime']
2025-10-22 23:42:52.320 INFO (MainThread) [homeassistant.components.automation.closet_light_bathroom_light] Closet light -> bathroom light: Choose at step 1: choice 1: Executing step call service
2025-10-22 23:53:51.636 INFO (MainThread) [homeassistant.components.automation.living_room_lamp] Living Room Lamp: Running automation actions
2025-10-22 23:53:51.645 INFO (MainThread) [homeassistant.components.automation.living_room_lamp] Living Room Lamp: Choose at step 1: Main lights turn on - lamp off: Running automation actions
2025-10-22 23:53:51.645 INFO (MainThread) [homeassistant.components.automation.living_room_lamp] Living Room Lamp: Choose at step 1: Main lights turn on - lamp off: Executing step call service
2025-10-23 00:06:47.240 INFO (MainThread) [homeassistant.components.automation.test_door_plus_motion] Workday Door plus motion: Running automation actions
2025-10-23 00:06:47.243 INFO (MainThread) [homeassistant.components.automation.workday_wake_goodnight] Workday Wake-up / 1am Goodnight: Running automation actions
2025-10-23 00:06:51.096 INFO (MainThread) [homeassistant.components.automation.stamp_last_motion_on_time] Stamp last motion ON time: Running automation actions
2025-10-23 00:06:51.097 INFO (MainThread) [homeassistant.components.automation.stamp_last_motion_on_time] Stamp last motion ON time: Choose at step 1: choice 1: Running automation actions
2025-10-23 00:06:51.098 INFO (MainThread) [homeassistant.components.automation.stamp_last_motion_on_time] Stamp last motion ON time: Choose at step 1: choice 1: Executing step call service
2025-10-23 00:07:55.206 INFO (MainThread) [homeassistant.components.automation.closet_light_bathroom_light] Closet light -> bathroom light: Running automation actions
2025-10-23 00:07:55.304 INFO (MainThread) [homeassistant.components.automation.living_room_lamp] Living Room Lamp: Running automation actions
2025-10-23 00:07:55.313 INFO (MainThread) [homeassistant.components.automation.living_room_lamp] Living Room Lamp: Choose at step 1: Main lights off & (night time or >30% cloud coverage) - lamp on : Running automation actions
2025-10-23 00:07:55.313 INFO (MainThread) [homeassistant.components.automation.living_room_lamp] Living Room Lamp: Choose at step 1: Main lights off & (night time or >30% cloud coverage) - lamp on : Executing step call service
2025-10-23 00:07:59.672 INFO (MainThread) [homeassistant.components.automation.stamp_last_motion_on_time] Stamp last motion ON time: Running automation actions
2025-10-23 00:07:59.674 INFO (MainThread) [homeassistant.components.automation.stamp_last_motion_on_time] Stamp last motion ON time: Choose at step 1: choice 2: Running automation actions
2025-10-23 00:07:59.674 INFO (MainThread) [homeassistant.components.automation.stamp_last_motion_on_time] Stamp last motion ON time: Choose at step 1: choice 2: Executing step call service
2025-10-23 00:07:59.675 ERROR (MainThread) [homeassistant.components.automation.stamp_last_motion_on_time] Stamp last motion ON time: Choose at step 1: choice 2: Error executing script. Invalid data for call_service at pos 1: Invalid datetime specified:  for dictionary value @ data['datetime']
2025-10-23 00:07:59.681 ERROR (MainThread) [homeassistant.components.automation.stamp_last_motion_on_time] Stamp last motion ON time: Error executing script. Invalid data for choose at pos 1: Invalid datetime specified:  for dictionary value @ data['datetime']
2025-10-23 00:07:59.682 ERROR (MainThread) [homeassistant.components.automation.stamp_last_motion_on_time] Error while executing automation automation.stamp_last_motion_on_time: Invalid datetime specified:  for dictionary value @ data['datetime']
2025-10-23 00:10:39.638 INFO (MainThread) [homeassistant.components.automation.living_room_lamp] Living Room Lamp: Running automation actions
2025-10-23 00:10:39.642 INFO (MainThread) [homeassistant.components.automation.living_room_lamp] Living Room Lamp: Choose at step 1: Main lights turn on - lamp off: Running automation actions
2025-10-23 00:10:39.647 INFO (MainThread) [homeassistant.components.automation.living_room_lamp] Living Room Lamp: Choose at step 1: Main lights turn on - lamp off: Executing step call service
2025-10-23 00:16:36.071 INFO (MainThread) [homeassistant.components.automation.living_room_lamp] Living Room Lamp: Running automation actions
2025-10-23 00:16:36.074 INFO (MainThread) [homeassistant.components.automation.living_room_lamp] Living Room Lamp: Choose at step 1: Main lights off & (night time or >30% cloud coverage) - lamp on : Running automation actions
2025-10-23 00:16:36.075 INFO (MainThread) [homeassistant.components.automation.living_room_lamp] Living Room Lamp: Choose at step 1: Main lights off & (night time or >30% cloud coverage) - lamp on : Executing step call service
2025-10-23 00:22:55.147 INFO (MainThread) [homeassistant.components.automation.living_room_lamp] Living Room Lamp: Running automation actions
2025-10-23 00:22:55.154 INFO (MainThread) [homeassistant.components.automation.living_room_lamp] Living Room Lamp: Choose at step 1: Main lights turn on - lamp off: Running automation actions
2025-10-23 00:22:55.154 INFO (MainThread) [homeassistant.components.automation.living_room_lamp] Living Room Lamp: Choose at step 1: Main lights turn on - lamp off: Executing step call service
2025-10-23 00:23:31.939 INFO (MainThread) [homeassistant.components.automation.living_room_lamp] Living Room Lamp: Running automation actions
2025-10-23 00:23:31.942 INFO (MainThread) [homeassistant.components.automation.living_room_lamp] Living Room Lamp: Choose at step 1: Main lights off & (night time or >30% cloud coverage) - lamp on : Running automation actions
2025-10-23 00:23:31.943 INFO (MainThread) [homeassistant.components.automation.living_room_lamp] Living Room Lamp: Choose at step 1: Main lights off & (night time or >30% cloud coverage) - lamp on : Executing step call service
2025-10-23 00:24:37.079 INFO (MainThread) [homeassistant.components.automation.bedroom_ceiling_lights_on_bedroom_lamp_on] Bedroom Ceiling Lights on -> bedroom lamp on: Running automation actions
2025-10-23 00:24:37.079 INFO (MainThread) [homeassistant.components.automation.bedroom_ceiling_lights_on_bedroom_lamp_on] Bedroom Ceiling Lights on -> bedroom lamp on: Executing step call service
2025-10-23 00:24:37.082 INFO (MainThread) [homeassistant.components.automation.bedroom_ceiling_lights_3_set_my_room] Bedroom Ceiling Lights (3) -> Set My Room: Running automation actions
2025-10-23 00:24:37.088 INFO (MainThread) [homeassistant.components.automation.bedroom_ceiling_lights_3_set_my_room] Bedroom Ceiling Lights (3) -> Set My Room: Choose at step 1: default: Running automation actions
2025-10-23 00:24:37.101 INFO (MainThread) [homeassistant.components.automation.bedroom_ceiling_lights_3_set_my_room] Bedroom Ceiling Lights (3) -> Set My Room: Choose at step 1: default: Choose at step 1: choice 1: Running automation actions
2025-10-23 00:24:37.102 INFO (MainThread) [homeassistant.components.automation.bedroom_ceiling_lights_3_set_my_room] Bedroom Ceiling Lights (3) -> Set My Room: Choose at step 1: default: Choose at step 1: choice 1: Executing step call service
2025-10-23 00:24:37.103 INFO (MainThread) [homeassistant.components.automation.bedroom_ceiling_lights_3_set_my_room] Bedroom Ceiling Lights (3) -> Set My Room: Choose at step 1: default: Choose at step 1: choice 1: Executing step call service
2025-10-23 00:24:37.110 INFO (MainThread) [homeassistant.components.automation.bedroom_ceiling_lights_3_set_my_room] Bedroom Ceiling Lights (3) -> Set My Room: Choose at step 1: default: Executing step call service
2025-10-23 00:24:38.831 INFO (MainThread) [homeassistant.components.automation.bedroom_ceiling_lights_3_set_my_room] Bedroom Ceiling Lights (3) -> Set My Room: Running automation actions
2025-10-23 00:24:38.832 INFO (MainThread) [homeassistant.components.automation.bedroom_ceiling_lights_3_set_my_room] Bedroom Ceiling Lights (3) -> Set My Room: Choose at step 1: default: Running automation actions
2025-10-23 00:24:38.834 INFO (MainThread) [homeassistant.components.automation.bedroom_ceiling_lights_3_set_my_room] Bedroom Ceiling Lights (3) -> Set My Room: Choose at step 1: default: Executing step call service
2025-10-23 00:24:52.003 INFO (MainThread) [homeassistant.components.automation.bedroom_ceiling_lights_3_set_my_room] Bedroom Ceiling Lights (3) -> Set My Room: Running automation actions
2025-10-23 00:24:52.004 INFO (MainThread) [homeassistant.components.automation.bedroom_ceiling_lights_3_set_my_room] Bedroom Ceiling Lights (3) -> Set My Room: Choose at step 1: choice 1: Running automation actions
2025-10-23 00:24:52.005 INFO (MainThread) [homeassistant.components.automation.bedroom_ceiling_lights_3_set_my_room] Bedroom Ceiling Lights (3) -> Set My Room: Choose at step 1: choice 1: Executing step call service
2025-10-23 00:30:50.620 INFO (MainThread) [homeassistant.components.automation.living_room_lamp] Living Room Lamp: Running automation actions
2025-10-23 00:30:50.627 INFO (MainThread) [homeassistant.components.automation.living_room_lamp] Living Room Lamp: Choose at step 1: Main lights turn on - lamp off: Running automation actions
2025-10-23 00:30:50.627 INFO (MainThread) [homeassistant.components.automation.living_room_lamp] Living Room Lamp: Choose at step 1: Main lights turn on - lamp off: Executing step call service
2025-10-23 00:30:51.909 INFO (MainThread) [homeassistant.components.automation.living_room_lamp] Living Room Lamp: Running automation actions
2025-10-23 00:30:51.912 INFO (MainThread) [homeassistant.components.automation.living_room_lamp] Living Room Lamp: Choose at step 1: Main lights off & (night time or >30% cloud coverage) - lamp on : Running automation actions
2025-10-23 00:30:51.912 INFO (MainThread) [homeassistant.components.automation.living_room_lamp] Living Room Lamp: Choose at step 1: Main lights off & (night time or >30% cloud coverage) - lamp on : Executing step call service
2025-10-23 00:37:07.404 INFO (MainThread) [homeassistant.components.automation.bedroom_ceiling_lights_on_bedroom_lamp_on] Bedroom Ceiling Lights on -> bedroom lamp on: Running automation actions
2025-10-23 00:37:07.405 INFO (MainThread) [homeassistant.components.automation.bedroom_ceiling_lights_on_bedroom_lamp_on] Bedroom Ceiling Lights on -> bedroom lamp on: Executing step call service
2025-10-23 00:37:07.408 INFO (MainThread) [homeassistant.components.automation.bedroom_ceiling_lights_3_set_my_room] Bedroom Ceiling Lights (3) -> Set My Room: Running automation actions
2025-10-23 00:37:07.414 INFO (MainThread) [homeassistant.components.automation.bedroom_ceiling_lights_3_set_my_room] Bedroom Ceiling Lights (3) -> Set My Room: Choose at step 1: default: Running automation actions
2025-10-23 00:37:07.416 INFO (MainThread) [homeassistant.components.automation.bedroom_ceiling_lights_3_set_my_room] Bedroom Ceiling Lights (3) -> Set My Room: Choose at step 1: default: Choose at step 1: choice 1: Running automation actions
2025-10-23 00:37:07.416 INFO (MainThread) [homeassistant.components.automation.bedroom_ceiling_lights_3_set_my_room] Bedroom Ceiling Lights (3) -> Set My Room: Choose at step 1: default: Choose at step 1: choice 1: Executing step call service
2025-10-23 00:37:07.418 INFO (MainThread) [homeassistant.components.automation.bedroom_ceiling_lights_3_set_my_room] Bedroom Ceiling Lights (3) -> Set My Room: Choose at step 1: default: Choose at step 1: choice 1: Executing step call service
2025-10-23 00:37:07.428 INFO (MainThread) [homeassistant.components.automation.bedroom_ceiling_lights_3_set_my_room] Bedroom Ceiling Lights (3) -> Set My Room: Choose at step 1: default: Executing step call service
2025-10-23 00:37:22.002 INFO (MainThread) [homeassistant.components.automation.bedroom_ceiling_lights_3_set_my_room] Bedroom Ceiling Lights (3) -> Set My Room: Running automation actions
2025-10-23 00:37:22.004 INFO (MainThread) [homeassistant.components.automation.bedroom_ceiling_lights_3_set_my_room] Bedroom Ceiling Lights (3) -> Set My Room: Choose at step 1: choice 1: Running automation actions
2025-10-23 00:37:22.004 INFO (MainThread) [homeassistant.components.automation.bedroom_ceiling_lights_3_set_my_room] Bedroom Ceiling Lights (3) -> Set My Room: Choose at step 1: choice 1: Executing step call service
2025-10-23 00:40:56.807 INFO (MainThread) [homeassistant.components.automation.bedroom_ceiling_lights_3_set_my_room] Bedroom Ceiling Lights (3) -> Set My Room: Running automation actions
2025-10-23 00:40:56.808 INFO (MainThread) [homeassistant.components.automation.bedroom_ceiling_lights_3_set_my_room] Bedroom Ceiling Lights (3) -> Set My Room: Choose at step 1: default: Running automation actions
2025-10-23 00:40:56.809 INFO (MainThread) [homeassistant.components.automation.bedroom_ceiling_lights_3_set_my_room] Bedroom Ceiling Lights (3) -> Set My Room: Choose at step 1: default: Choose at step 1: choice 1: Running automation actions
2025-10-23 00:40:56.810 INFO (MainThread) [homeassistant.components.automation.bedroom_ceiling_lights_3_set_my_room] Bedroom Ceiling Lights (3) -> Set My Room: Choose at step 1: default: Choose at step 1: choice 1: Executing step call service
2025-10-23 00:40:56.816 INFO (MainThread) [homeassistant.components.automation.bedroom_ceiling_lights_3_set_my_room] Bedroom Ceiling Lights (3) -> Set My Room: Choose at step 1: default: Choose at step 1: choice 1: Executing step call service
2025-10-23 00:40:56.818 INFO (MainThread) [homeassistant.components.automation.bedroom_ceiling_lights_3_set_my_room] Bedroom Ceiling Lights (3) -> Set My Room: Choose at step 1: default: Executing step call service
2025-10-23 00:41:11.002 INFO (MainThread) [homeassistant.components.automation.bedroom_ceiling_lights_3_set_my_room] Bedroom Ceiling Lights (3) -> Set My Room: Running automation actions
2025-10-23 00:41:11.003 INFO (MainThread) [homeassistant.components.automation.bedroom_ceiling_lights_3_set_my_room] Bedroom Ceiling Lights (3) -> Set My Room: Choose at step 1: choice 1: Running automation actions
2025-10-23 00:41:11.003 INFO (MainThread) [homeassistant.components.automation.bedroom_ceiling_lights_3_set_my_room] Bedroom Ceiling Lights (3) -> Set My Room: Choose at step 1: choice 1: Executing step call service
2025-10-23 00:50:44.490 INFO (MainThread) [homeassistant.components.automation.test_door_plus_motion] Initialized trigger Workday Door plus motion
2025-10-23 00:53:50.108 ERROR (MainThread) [homeassistant.components.tplink.coordinator] Error fetching 192.168.1.80 data: Unable to communicate with the device update: Unable to connect to the device: 192.168.1.80:9999: [Errno 111] Connect call failed ('192.168.1.80', 9999)
2025-10-23 00:54:18.632 ERROR (MainThread) [frontend.js.modern.202509035] Uncaught error from WebKit 605.1.15 on iOS 18.7
TypeError: e is not an Object. (evaluating '"trigger"in e')
AutomationConfig,> (src/data/automation.ts:398:19)
saveAutomationConfig (src/data/automation.ts:379:35)
ev.stopPropagation (src/panels/config/automation/ha-automation-editor.ts:803:35)
this (src/lit-html.ts:2109:33)
dispatchEvent ([native code]::)
event (src/common/dom/fire_event.ts:75:21)
this.hass.localize (src/components/ha-yaml-editor.ts:173:14)
this (src/lit-html.ts:2109:33)
dispatchEvent ([native code]::)
event (src/common/dom/fire_event.ts:75:21)
2025-10-23 00:54:34.375 INFO (MainThread) [homeassistant.components.automation.stamp_last_motion_on_time_nee] Initialized trigger Stamp last motion ON time nee
2025-10-23 00:56:26.504 INFO (MainThread) [homeassistant.components.automation.stamp_last_motion_on_time_nee] Initialized trigger Stamp last motion ON time nee
2025-10-23 00:59:39.456 INFO (MainThread) [homeassistant.components.automation.stamp_last_motion_on_time] Initialized trigger Stamp last motion ON time nee
2025-10-23 00:59:39.483 WARNING (Recorder) [homeassistant.components.recorder.entity_registry] Cannot migrate history for entity_id `automation.stamp_last_motion_on_time_nee` to `automation.stamp_last_motion_on_time` because the new entity_id is already in use
2025-10-23 00:59:42.950 INFO (MainThread) [homeassistant.components.automation.stamp_last_motion_on_time] Initialized trigger Stamp last motion ON time
2025-10-23 01:00:00.322 INFO (MainThread) [homeassistant.components.automation.workday_wake_goodnight] Workday Wake-up / 1am Goodnight: Running automation actions
2025-10-23 01:00:00.325 INFO (MainThread) [homeassistant.components.automation.workday_wake_goodnight] Workday Wake-up / 1am Goodnight: Choose at step 1: choice 5: Running automation actions
2025-10-23 01:00:00.325 INFO (MainThread) [homeassistant.components.automation.workday_wake_goodnight] Workday Wake-up / 1am Goodnight: Choose at step 1: choice 5: Executing step call service
2025-10-23 01:08:36.049 INFO (MainThread) [homeassistant.components.automation.bedroom_ceiling_lights_3_set_my_room] Initialized trigger Bedroom Ceiling Lights (3) -> Set My Room
2025-10-23 01:08:49.040 INFO (MainThread) [homeassistant.components.automation.test_bay] Initialized trigger Test Bay
2025-10-23 02:00:00.237 INFO (MainThread) [homeassistant.components.automation.work_schedule_automations] Work Schedule Automations : Running automation actions
2025-10-23 02:00:00.240 INFO (MainThread) [homeassistant.components.automation.work_schedule_automations] Work Schedule Automations : Choose at step 1: choice 3: Running automation actions
2025-10-23 02:00:00.241 INFO (MainThread) [homeassistant.components.automation.work_schedule_automations] Work Schedule Automations : Choose at step 1: choice 3: If at step 1: Running automation actions
2025-10-23 02:00:00.242 INFO (MainThread) [homeassistant.components.automation.work_schedule_automations] Work Schedule Automations : Choose at step 1: choice 3: If at step 1: Executing step call service
2025-10-23 02:00:00.441 INFO (MainThread) [homeassistant.components.automation.nightly_github_sync] Nightly GitHub sync: Running automation actions
2025-10-23 02:00:00.442 INFO (MainThread) [homeassistant.components.automation.nightly_github_sync] Nightly GitHub sync: Executing step call service
2025-10-23 02:00:00.443 INFO (MainThread) [homeassistant.components.script.create_push_ha_info_to_github] Create & Push HA Info to Github: Running script sequence
2025-10-23 02:00:00.443 INFO (MainThread) [homeassistant.components.script.create_push_ha_info_to_github] Create & Push HA Info to Github: Executing step call service
2025-10-23 02:00:00.540 INFO (MainThread) [homeassistant.components.script.create_push_ha_info_to_github] Create & Push HA Info to Github: Executing step call service
2025-10-23 02:00:00.579 INFO (MainThread) [homeassistant.components.script.create_push_ha_info_to_github] Create & Push HA Info to Github: Executing step call service
2025-10-23 02:00:00.633 INFO (MainThread) [homeassistant.components.script.create_push_ha_info_to_github] Create & Push HA Info to Github: Executing step call service
2025-10-23 02:00:00.693 INFO (MainThread) [homeassistant.components.script.create_push_ha_info_to_github] Create & Push HA Info to Github: Executing step call service
2025-10-23 02:52:28.727 INFO (MainThread) [homeassistant.components.automation.hue_dimmer_switch] Hue Dimmer Switch: Running automation actions
2025-10-23 02:52:28.745 INFO (MainThread) [homeassistant.components.automation.hue_dimmer_switch] Hue Dimmer Switch: Choose at step 1: choice 9: Running automation actions
2025-10-23 02:52:28.746 INFO (MainThread) [homeassistant.components.automation.hue_dimmer_switch] Hue Dimmer Switch: Choose at step 1: choice 9: Executing step call service
2025-10-23 02:52:30.746 INFO (MainThread) [homeassistant.components.automation.hue_dimmer_switch] Hue Dimmer Switch: Running automation actions
2025-10-23 02:52:30.756 INFO (MainThread) [homeassistant.components.automation.hue_dimmer_switch] Hue Dimmer Switch: Choose at step 1: choice 10: Running automation actions
2025-10-23 02:52:30.757 INFO (MainThread) [homeassistant.components.automation.hue_dimmer_switch] Hue Dimmer Switch: Choose at step 1: choice 10: Executing step call service
2025-10-23 03:04:45.874 ERROR (MainThread) [homeassistant.components.roku.coordinator] Error fetching roku data: Invalid response from API: Timeout occurred while connecting to device
2025-10-23 06:58:12.241 INFO (MainThread) [homeassistant.components.automation.hue_dimmer_switch] Hue Dimmer Switch: Running automation actions
2025-10-23 06:58:12.242 INFO (MainThread) [homeassistant.components.automation.hue_dimmer_switch] Hue Dimmer Switch: Choose at step 1: choice 1: Running automation actions
2025-10-23 06:58:12.243 INFO (MainThread) [homeassistant.components.automation.hue_dimmer_switch] Hue Dimmer Switch: Choose at step 1: choice 1: Executing step call service
2025-10-23 07:54:21.602 INFO (MainThread) [homeassistant.components.automation.hue_dimmer_switch] Hue Dimmer Switch: Running automation actions
2025-10-23 07:54:21.611 INFO (MainThread) [homeassistant.components.automation.hue_dimmer_switch] Hue Dimmer Switch: Choose at step 1: choice 10: Running automation actions
2025-10-23 07:54:21.612 INFO (MainThread) [homeassistant.components.automation.hue_dimmer_switch] Hue Dimmer Switch: Choose at step 1: choice 10: Executing step call service
2025-10-23 08:06:37.873 ERROR (MainThread) [homeassistant.components.roku.coordinator] Error fetching roku data: Invalid response from API: Timeout occurred while connecting to device
2025-10-23 08:10:28.252 INFO (MainThread) [homeassistant.components.automation.living_room_lamp] Living Room Lamp: Running automation actions
2025-10-23 08:10:28.255 INFO (MainThread) [homeassistant.components.automation.living_room_lamp] Living Room Lamp: Choose at step 1: Sunrise & <30% cloud coverage - lamp off: Running automation actions
2025-10-23 08:10:28.255 INFO (MainThread) [homeassistant.components.automation.living_room_lamp] Living Room Lamp: Choose at step 1: Sunrise & <30% cloud coverage - lamp off: Executing step call service
2025-10-23 08:15:18.484 INFO (MainThread) [homeassistant.components.automation.workday_wake_goodnight] Initialized trigger Workday Wake-up / 1am Goodnight
2025-10-23 08:16:33.094 INFO (MainThread) [homeassistant.components.automation.workday_wake_goodnight] Initialized trigger Workday Wake-up / 1am Goodnight
2025-10-23 08:40:00.192 INFO (MainThread) [homeassistant.components.automation.workday_wake_goodnight] Workday Wake-up / 1am Goodnight: Running automation actions
2025-10-23 08:40:00.200 INFO (MainThread) [homeassistant.components.automation.workday_wake_goodnight] Workday Wake-up / 1am Goodnight: Choose at step 1: choice 3: Running automation actions
2025-10-23 08:40:00.201 INFO (MainThread) [homeassistant.components.automation.workday_wake_goodnight] Workday Wake-up / 1am Goodnight: Choose at step 1: choice 3: Play Music Alexa: Running automation actions
2025-10-23 08:40:00.202 INFO (MainThread) [homeassistant.components.automation.workday_wake_goodnight] Workday Wake-up / 1am Goodnight: Choose at step 1: choice 3: Play Music Alexa: Executing step call service
2025-10-23 08:40:00.204 INFO (MainThread) [homeassistant.components.automation.workday_wake_goodnight] Workday Wake-up / 1am Goodnight: Choose at step 1: choice 3: Play Music Alexa: Executing step call service
2025-10-23 08:40:00.210 INFO (MainThread) [homeassistant.components.automation.workday_wake_goodnight] Workday Wake-up / 1am Goodnight: Choose at step 1: choice 3: Play Music Alexa: Executing step call service
2025-10-23 08:40:00.231 INFO (MainThread) [homeassistant.components.automation.workday_wake_goodnight] Workday Wake-up / 1am Goodnight: Choose at step 1: choice 3: Play Music Alexa: Executing step call service
2025-10-23 08:40:00.405 INFO (MainThread) [homeassistant.components.automation.workday_wake_goodnight] Workday Wake-up / 1am Goodnight: Running automation actions
2025-10-23 08:40:00.408 INFO (MainThread) [homeassistant.components.automation.workday_wake_goodnight] Workday Wake-up / 1am Goodnight: Choose at step 1: choice 2: Running automation actions
2025-10-23 08:40:00.408 INFO (MainThread) [homeassistant.components.automation.workday_wake_goodnight] Workday Wake-up / 1am Goodnight: Choose at step 1: choice 2: Sequence action at step 1: Running automation actions
2025-10-23 08:40:00.409 INFO (MainThread) [homeassistant.components.automation.workday_wake_goodnight] Workday Wake-up / 1am Goodnight: Choose at step 1: choice 2: Sequence action at step 1: Executing step hue_event
2025-10-23 08:40:00.416 INFO (MainThread) [homeassistant.components.automation.hue_dimmer_switch] Hue Dimmer Switch: Running automation actions
2025-10-23 08:40:00.417 INFO (MainThread) [homeassistant.components.automation.hue_dimmer_switch] Hue Dimmer Switch: Choose at step 1: choice 2: Running automation actions
2025-10-23 08:40:00.418 INFO (MainThread) [homeassistant.components.automation.hue_dimmer_switch] Hue Dimmer Switch: Choose at step 1: choice 2: Executing step call service
2025-10-23 08:40:00.422 INFO (MainThread) [homeassistant.components.automation.workday_wake_goodnight] Workday Wake-up / 1am Goodnight: Running automation actions
2025-10-23 08:40:00.424 INFO (MainThread) [homeassistant.components.automation.workday_wake_goodnight] Workday Wake-up / 1am Goodnight: Choose at step 1: choice 1: Running automation actions
2025-10-23 08:40:00.424 INFO (MainThread) [homeassistant.components.automation.workday_wake_goodnight] Workday Wake-up / 1am Goodnight: Choose at step 1: choice 1: Sequence action at step 1: Running automation actions
2025-10-23 08:40:00.429 INFO (MainThread) [homeassistant.components.automation.workday_wake_goodnight] Workday Wake-up / 1am Goodnight: Choose at step 1: choice 1: Sequence action at step 1: Executing step call service
2025-10-23 08:40:00.546 INFO (MainThread) [homeassistant.components.automation.workday_wake_goodnight] Workday Wake-up / 1am Goodnight: Choose at step 1: choice 1: Sequence action at step 1: Executing step call service
2025-10-23 08:40:00.620 INFO (MainThread) [homeassistant.components.automation.workday_wake_goodnight] Workday Wake-up / 1am Goodnight: Choose at step 1: choice 1: Sequence action at step 1: Executing step call service
2025-10-23 08:40:01.022 INFO (MainThread) [homeassistant.components.automation.closet_light_bathroom_light] Closet light -> bathroom light: Running automation actions
2025-10-23 08:42:16.046 INFO (MainThread) [homeassistant.components.automation.workday_wake_goodnight] Initialized trigger Workday Wake-up / 1am Goodnight
2025-10-23 08:42:19.135 INFO (MainThread) [homeassistant.helpers.script.websocket_api_script] websocket_api script: Running websocket_api script
2025-10-23 08:42:19.136 INFO (MainThread) [homeassistant.helpers.script.websocket_api_script] websocket_api script: Executing step call service
2025-10-23 08:42:58.249 INFO (MainThread) [homeassistant.components.automation.workday_wake_goodnight] Initialized trigger Workday Wake-up / 1am Goodnight
2025-10-23 08:43:57.525 INFO (MainThread) [homeassistant.components.automation.workday_wake_goodnight] Initialized trigger Workday Wake-up / 1am Goodnight
2025-10-23 08:55:00.120 INFO (MainThread) [homeassistant.components.automation.workday_wake_goodnight] Workday Wake-up / 1am Goodnight: Running automation actions
2025-10-23 08:55:00.127 INFO (MainThread) [homeassistant.components.automation.workday_wake_goodnight] Workday Wake-up / 1am Goodnight: Choose at step 1: choice 3: Running automation actions
2025-10-23 08:55:00.128 INFO (MainThread) [homeassistant.components.automation.workday_wake_goodnight] Workday Wake-up / 1am Goodnight: Choose at step 1: choice 3: Play Music Alexa: Running automation actions
2025-10-23 08:55:00.129 INFO (MainThread) [homeassistant.components.automation.workday_wake_goodnight] Workday Wake-up / 1am Goodnight: Choose at step 1: choice 3: Play Music Alexa: Executing step call service
2025-10-23 08:55:00.131 INFO (MainThread) [homeassistant.components.automation.workday_wake_goodnight] Workday Wake-up / 1am Goodnight: Choose at step 1: choice 3: Play Music Alexa: Executing step call service
2025-10-23 08:55:00.177 INFO (MainThread) [homeassistant.components.automation.workday_wake_goodnight] Workday Wake-up / 1am Goodnight: Choose at step 1: choice 3: Play Music Alexa: Executing step call service
2025-10-23 08:55:00.181 INFO (MainThread) [homeassistant.components.automation.workday_wake_goodnight] Workday Wake-up / 1am Goodnight: Choose at step 1: choice 3: Play Music Alexa: Executing step call service
2025-10-23 09:00:00.407 INFO (MainThread) [homeassistant.components.automation.thermostat] Thermostat: Running automation actions
2025-10-23 09:00:00.409 INFO (MainThread) [homeassistant.components.automation.thermostat] Thermostat: Choose at step 1: choice 1: Running automation actions
2025-10-23 09:00:00.410 INFO (MainThread) [homeassistant.components.automation.thermostat] Thermostat: Choose at step 1: choice 1: If at step 1: Running automation actions
2025-10-23 09:00:00.411 INFO (MainThread) [homeassistant.components.automation.thermostat] Thermostat: Choose at step 1: choice 1: If at step 1: Executing step call service
2025-10-23 09:10:29.472 INFO (MainThread) [homeassistant.components.automation.stamp_last_motion_on_time] Stamp last motion ON time: Running automation actions
2025-10-23 09:10:29.474 INFO (MainThread) [homeassistant.components.automation.stamp_last_motion_on_time] Stamp last motion ON time: Choose at step 1: choice 1: Running automation actions
2025-10-23 09:10:29.475 INFO (MainThread) [homeassistant.components.automation.stamp_last_motion_on_time] Stamp last motion ON time: Choose at step 1: choice 1: Executing step call service
2025-10-23 09:12:26.666 INFO (MainThread) [homeassistant.components.automation.flic_butttons] Flic Button: Running automation actions
2025-10-23 09:12:26.668 INFO (MainThread) [homeassistant.components.automation.flic_butttons] Flic Button: Choose at step 1: choice 3: Running automation actions
2025-10-23 09:12:26.668 INFO (MainThread) [homeassistant.components.automation.flic_butttons] Flic Button: Choose at step 1: choice 3: Executing step call service
2025-10-23 09:12:27.165 INFO (MainThread) [homeassistant.components.automation.closet_light_bathroom_light] Closet light -> bathroom light: Running automation actions
2025-10-23 09:13:17.655 INFO (MainThread) [homeassistant.components.automation.stamp_last_motion_on_time] Stamp last motion ON time: Running automation actions
2025-10-23 09:13:17.657 INFO (MainThread) [homeassistant.components.automation.stamp_last_motion_on_time] Stamp last motion ON time: Choose at step 1: choice 2: Running automation actions
2025-10-23 09:13:17.657 INFO (MainThread) [homeassistant.components.automation.stamp_last_motion_on_time] Stamp last motion ON time: Choose at step 1: choice 2: Executing step call service
2025-10-23 09:24:41.873 ERROR (MainThread) [homeassistant.components.roku.coordinator] Error fetching roku data: Invalid response from API: Timeout occurred while connecting to device
2025-10-23 09:29:00.184 INFO (MainThread) [homeassistant.components.automation.workday_wake_goodnight] Workday Wake-up / 1am Goodnight: Running automation actions
2025-10-23 09:29:00.188 INFO (MainThread) [homeassistant.components.automation.workday_wake_goodnight] Workday Wake-up / 1am Goodnight: Choose at step 1: choice 4: Running automation actions
2025-10-23 09:29:00.188 INFO (MainThread) [homeassistant.components.automation.workday_wake_goodnight] Workday Wake-up / 1am Goodnight: Choose at step 1: choice 4: Executing step call service
2025-10-23 09:29:05.200 INFO (MainThread) [homeassistant.components.automation.workday_wake_goodnight] Workday Wake-up / 1am Goodnight: Choose at step 1: choice 4: Pause and Reset Volume on Alexa : Running automation actions
2025-10-23 09:29:05.201 INFO (MainThread) [homeassistant.components.automation.workday_wake_goodnight] Workday Wake-up / 1am Goodnight: Choose at step 1: choice 4: Pause and Reset Volume on Alexa : Executing step call service
2025-10-23 09:29:05.209 INFO (MainThread) [homeassistant.components.automation.workday_wake_goodnight] Workday Wake-up / 1am Goodnight: Choose at step 1: choice 4: Pause and Reset Volume on Alexa : Executing step call service
2025-10-23 10:05:00.489 INFO (MainThread) [homeassistant.components.automation.living_room_lamp] Living Room Lamp: Running automation actions
2025-10-23 10:05:00.493 INFO (MainThread) [homeassistant.components.automation.living_room_lamp] Living Room Lamp: Choose at step 1: choice 7: Running automation actions
2025-10-23 10:05:00.494 INFO (MainThread) [homeassistant.components.automation.living_room_lamp] Living Room Lamp: Choose at step 1: choice 7: Executing step call service
2025-10-23 13:00:00.406 INFO (MainThread) [homeassistant.components.automation.work_schedule_automations] Work Schedule Automations : Running automation actions
2025-10-23 13:00:00.407 INFO (MainThread) [homeassistant.components.automation.work_schedule_automations] Work Schedule Automations : Choose at step 1: choice 1: Running automation actions
2025-10-23 13:00:00.409 INFO (MainThread) [homeassistant.components.automation.work_schedule_automations] Work Schedule Automations : Choose at step 1: choice 1: If at step 1: Running automation actions
2025-10-23 13:00:00.409 INFO (MainThread) [homeassistant.components.automation.work_schedule_automations] Work Schedule Automations : Choose at step 1: choice 1: If at step 1: Executing step call service
2025-10-23 16:00:00.246 INFO (MainThread) [homeassistant.components.automation.thermostat] Thermostat: Running automation actions
2025-10-23 16:00:00.248 INFO (MainThread) [homeassistant.components.automation.thermostat] Thermostat: Choose at step 1: choice 2: Running automation actions
2025-10-23 16:00:00.248 INFO (MainThread) [homeassistant.components.automation.thermostat] Thermostat: Choose at step 1: choice 2: Executing step call service
2025-10-23 17:05:00.104 INFO (MainThread) [homeassistant.components.automation.living_room_lamp] Living Room Lamp: Running automation actions
2025-10-23 17:45:00.466 INFO (MainThread) [homeassistant.components.automation.test_door_plus_motion] Workday Door plus motion: Running automation actions
2025-10-23 17:45:00.468 INFO (MainThread) [homeassistant.components.automation.test_door_plus_motion] Workday Door plus motion: If at step 1: Running automation actions
2025-10-23 17:45:00.469 INFO (MainThread) [homeassistant.components.automation.test_door_plus_motion] Workday Door plus motion: If at step 1: Executing step call service
2025-10-23 17:45:00.476 INFO (MainThread) [homeassistant.components.automation.workday_wake_goodnight] Workday Wake-up / 1am Goodnight: Running automation actions
2025-10-23 17:45:00.607 INFO (MainThread) [homeassistant.components.automation.test_door_plus_motion] Workday Door plus motion: If at step 1: Executing step call service
2025-10-23 17:45:00.622 INFO (MainThread) [homeassistant.components.automation.bedroom_ceiling_lights_on_bedroom_lamp_on] Bedroom Ceiling Lights on -> bedroom lamp on: Running automation actions
2025-10-23 17:45:00.623 INFO (MainThread) [homeassistant.components.automation.bedroom_ceiling_lights_on_bedroom_lamp_on] Bedroom Ceiling Lights on -> bedroom lamp on: Executing step call service
2025-10-23 17:45:00.626 INFO (MainThread) [homeassistant.components.automation.bedroom_ceiling_lights_3_set_my_room] Bedroom Ceiling Lights (3) -> Set My Room: Running automation actions
2025-10-23 17:45:00.632 INFO (MainThread) [homeassistant.components.automation.bedroom_ceiling_lights_3_set_my_room] Bedroom Ceiling Lights (3) -> Set My Room: Choose at step 1: default: Running automation actions
2025-10-23 17:45:00.633 INFO (MainThread) [homeassistant.components.automation.bedroom_ceiling_lights_3_set_my_room] Bedroom Ceiling Lights (3) -> Set My Room: Choose at step 1: default: Choose at step 1: choice 1: Running automation actions
2025-10-23 17:45:00.634 INFO (MainThread) [homeassistant.components.automation.bedroom_ceiling_lights_3_set_my_room] Bedroom Ceiling Lights (3) -> Set My Room: Choose at step 1: default: Choose at step 1: choice 1: Executing step call service
2025-10-23 17:45:00.636 INFO (MainThread) [homeassistant.components.automation.bedroom_ceiling_lights_3_set_my_room] Bedroom Ceiling Lights (3) -> Set My Room: Choose at step 1: default: Choose at step 1: choice 1: Executing step call service
2025-10-23 17:45:00.641 INFO (MainThread) [homeassistant.components.automation.bedroom_ceiling_lights_3_set_my_room] Bedroom Ceiling Lights (3) -> Set My Room: Choose at step 1: default: Executing step call service
2025-10-23 17:45:00.950 INFO (MainThread) [homeassistant.components.automation.closet_light_bathroom_light] Closet light -> bathroom light: Running automation actions
2025-10-23 17:45:00.952 INFO (MainThread) [homeassistant.components.automation.closet_light_bathroom_light] Closet light -> bathroom light: Choose at step 1: choice 1: Running automation actions
2025-10-23 17:45:00.952 INFO (MainThread) [homeassistant.components.automation.closet_light_bathroom_light] Closet light -> bathroom light: Choose at step 1: choice 1: Executing step call service
2025-10-23 17:45:00.975 INFO (MainThread) [homeassistant.components.automation.closet_light_bathroom_light] Closet light -> bathroom light: Choose at step 1: choice 1: Executing step call service
2025-10-23 17:45:00.978 INFO (MainThread) [homeassistant.components.automation.closet_light_bathroom_light] Closet light -> bathroom light: Choose at step 1: choice 1: Executing step delay 0:30:00
2025-10-23 17:45:01.039 INFO (MainThread) [homeassistant.components.automation.living_room_lamp] Living Room Lamp: Running automation actions
2025-10-23 17:45:01.043 INFO (MainThread) [homeassistant.components.automation.living_room_lamp] Living Room Lamp: Choose at step 1: Main lights turn on - lamp off: Running automation actions
2025-10-23 17:45:01.048 INFO (MainThread) [homeassistant.components.automation.living_room_lamp] Living Room Lamp: Choose at step 1: Main lights turn on - lamp off: Executing step call service
2025-10-23 17:45:15.002 INFO (MainThread) [homeassistant.components.automation.bedroom_ceiling_lights_3_set_my_room] Bedroom Ceiling Lights (3) -> Set My Room: Running automation actions
2025-10-23 17:45:15.004 INFO (MainThread) [homeassistant.components.automation.bedroom_ceiling_lights_3_set_my_room] Bedroom Ceiling Lights (3) -> Set My Room: Choose at step 1: choice 1: Running automation actions
2025-10-23 17:45:15.004 INFO (MainThread) [homeassistant.components.automation.bedroom_ceiling_lights_3_set_my_room] Bedroom Ceiling Lights (3) -> Set My Room: Choose at step 1: choice 1: Executing step call service
2025-10-23 17:46:53.109 INFO (MainThread) [homeassistant.components.automation.living_room_lamp] Living Room Lamp: Running automation actions
2025-10-23 17:46:53.110 INFO (MainThread) [homeassistant.components.automation.living_room_lamp] Living Room Lamp: Choose at step 1: Sunset - lamp on: Running automation actions
2025-10-23 17:46:53.111 INFO (MainThread) [homeassistant.components.automation.living_room_lamp] Living Room Lamp: Choose at step 1: Sunset - lamp on: Executing step call service
2025-10-23 18:15:00.980 INFO (MainThread) [homeassistant.components.automation.closet_light_bathroom_light] Closet light -> bathroom light: Choose at step 1: choice 1: Executing step call service
2025-10-23 18:19:59.653 INFO (MainThread) [homeassistant.components.automation.stamp_last_motion_on_time] Stamp last motion ON time: Running automation actions
2025-10-23 18:19:59.655 INFO (MainThread) [homeassistant.components.automation.stamp_last_motion_on_time] Stamp last motion ON time: Choose at step 1: choice 1: Running automation actions
2025-10-23 18:19:59.655 INFO (MainThread) [homeassistant.components.automation.stamp_last_motion_on_time] Stamp last motion ON time: Choose at step 1: choice 1: Executing step call service
2025-10-23 18:21:13.302 INFO (MainThread) [homeassistant.components.automation.stamp_last_motion_on_time] Stamp last motion ON time: Running automation actions
2025-10-23 18:21:13.304 INFO (MainThread) [homeassistant.components.automation.stamp_last_motion_on_time] Stamp last motion ON time: Choose at step 1: choice 2: Running automation actions
2025-10-23 18:21:13.304 INFO (MainThread) [homeassistant.components.automation.stamp_last_motion_on_time] Stamp last motion ON time: Choose at step 1: choice 2: Executing step call service
2025-10-23 18:28:45.331 INFO (MainThread) [homeassistant.components.automation.stamp_last_motion_on_time] Stamp last motion ON time: Running automation actions
2025-10-23 18:28:45.332 INFO (MainThread) [homeassistant.components.automation.stamp_last_motion_on_time] Stamp last motion ON time: Choose at step 1: choice 1: Running automation actions
2025-10-23 18:28:45.333 INFO (MainThread) [homeassistant.components.automation.stamp_last_motion_on_time] Stamp last motion ON time: Choose at step 1: choice 1: Executing step call service
2025-10-23 18:31:45.902 INFO (MainThread) [homeassistant.components.automation.stamp_last_motion_on_time] Stamp last motion ON time: Running automation actions
2025-10-23 18:31:45.903 INFO (MainThread) [homeassistant.components.automation.stamp_last_motion_on_time] Stamp last motion ON time: Choose at step 1: choice 2: Running automation actions
2025-10-23 18:31:45.904 INFO (MainThread) [homeassistant.components.automation.stamp_last_motion_on_time] Stamp last motion ON time: Choose at step 1: choice 2: Executing step call service
2025-10-23 18:32:43.690 INFO (MainThread) [homeassistant.components.automation.stamp_last_motion_on_time] Stamp last motion ON time: Running automation actions
2025-10-23 18:32:43.691 INFO (MainThread) [homeassistant.components.automation.stamp_last_motion_on_time] Stamp last motion ON time: Choose at step 1: choice 1: Running automation actions
2025-10-23 18:32:43.691 INFO (MainThread) [homeassistant.components.automation.stamp_last_motion_on_time] Stamp last motion ON time: Choose at step 1: choice 1: Executing step call service
2025-10-23 18:34:00.004 INFO (MainThread) [homeassistant.components.automation.stamp_last_motion_on_time] Stamp last motion ON time: Running automation actions
2025-10-23 18:34:00.006 INFO (MainThread) [homeassistant.components.automation.stamp_last_motion_on_time] Stamp last motion ON time: Choose at step 1: choice 2: Running automation actions
2025-10-23 18:34:00.007 INFO (MainThread) [homeassistant.components.automation.stamp_last_motion_on_time] Stamp last motion ON time: Choose at step 1: choice 2: Executing step call service
2025-10-23 18:34:11.718 INFO (MainThread) [homeassistant.components.automation.stamp_last_motion_on_time] Stamp last motion ON time: Running automation actions
2025-10-23 18:34:11.719 INFO (MainThread) [homeassistant.components.automation.stamp_last_motion_on_time] Stamp last motion ON time: Choose at step 1: choice 1: Running automation actions
2025-10-23 18:34:11.720 INFO (MainThread) [homeassistant.components.automation.stamp_last_motion_on_time] Stamp last motion ON time: Choose at step 1: choice 1: Executing step call service
2025-10-23 18:36:37.264 INFO (MainThread) [homeassistant.components.automation.stamp_last_motion_on_time] Stamp last motion ON time: Running automation actions
2025-10-23 18:36:37.266 INFO (MainThread) [homeassistant.components.automation.stamp_last_motion_on_time] Stamp last motion ON time: Choose at step 1: choice 2: Running automation actions
2025-10-23 18:36:37.267 INFO (MainThread) [homeassistant.components.automation.stamp_last_motion_on_time] Stamp last motion ON time: Choose at step 1: choice 2: Executing step call service
2025-10-23 18:42:59.856 INFO (MainThread) [homeassistant.components.automation.stamp_last_motion_on_time] Stamp last motion ON time: Running automation actions
2025-10-23 18:42:59.858 INFO (MainThread) [homeassistant.components.automation.stamp_last_motion_on_time] Stamp last motion ON time: Choose at step 1: choice 1: Running automation actions
2025-10-23 18:42:59.858 INFO (MainThread) [homeassistant.components.automation.stamp_last_motion_on_time] Stamp last motion ON time: Choose at step 1: choice 1: Executing step call service
2025-10-23 18:44:26.825 INFO (MainThread) [homeassistant.components.automation.stamp_last_motion_on_time] Stamp last motion ON time: Running automation actions
2025-10-23 18:44:26.827 INFO (MainThread) [homeassistant.components.automation.stamp_last_motion_on_time] Stamp last motion ON time: Choose at step 1: choice 2: Running automation actions
2025-10-23 18:44:26.827 INFO (MainThread) [homeassistant.components.automation.stamp_last_motion_on_time] Stamp last motion ON time: Choose at step 1: choice 2: Executing step call service
2025-10-23 18:49:09.314 INFO (MainThread) [homeassistant.components.automation.stamp_last_motion_on_time] Stamp last motion ON time: Running automation actions
2025-10-23 18:49:09.315 INFO (MainThread) [homeassistant.components.automation.stamp_last_motion_on_time] Stamp last motion ON time: Choose at step 1: choice 1: Running automation actions
2025-10-23 18:49:09.316 INFO (MainThread) [homeassistant.components.automation.stamp_last_motion_on_time] Stamp last motion ON time: Choose at step 1: choice 1: Executing step call service
2025-10-23 18:50:16.935 INFO (MainThread) [homeassistant.components.automation.stamp_last_motion_on_time] Stamp last motion ON time: Running automation actions
2025-10-23 18:50:16.937 INFO (MainThread) [homeassistant.components.automation.stamp_last_motion_on_time] Stamp last motion ON time: Choose at step 1: choice 2: Running automation actions
2025-10-23 18:50:16.938 INFO (MainThread) [homeassistant.components.automation.stamp_last_motion_on_time] Stamp last motion ON time: Choose at step 1: choice 2: Executing step call service
2025-10-23 18:51:37.898 INFO (MainThread) [homeassistant.components.automation.stamp_last_motion_on_time] Stamp last motion ON time: Running automation actions
2025-10-23 18:51:37.899 INFO (MainThread) [homeassistant.components.automation.stamp_last_motion_on_time] Stamp last motion ON time: Choose at step 1: choice 1: Running automation actions
2025-10-23 18:51:37.900 INFO (MainThread) [homeassistant.components.automation.stamp_last_motion_on_time] Stamp last motion ON time: Choose at step 1: choice 1: Executing step call service
2025-10-23 18:53:04.064 INFO (MainThread) [homeassistant.components.automation.stamp_last_motion_on_time] Stamp last motion ON time: Running automation actions
2025-10-23 18:53:04.066 INFO (MainThread) [homeassistant.components.automation.stamp_last_motion_on_time] Stamp last motion ON time: Choose at step 1: choice 2: Running automation actions
2025-10-23 18:53:04.067 INFO (MainThread) [homeassistant.components.automation.stamp_last_motion_on_time] Stamp last motion ON time: Choose at step 1: choice 2: Executing step call service
2025-10-23 18:55:22.920 INFO (MainThread) [homeassistant.components.automation.stamp_last_motion_on_time] Stamp last motion ON time: Running automation actions
2025-10-23 18:55:22.922 INFO (MainThread) [homeassistant.components.automation.stamp_last_motion_on_time] Stamp last motion ON time: Choose at step 1: choice 1: Running automation actions
2025-10-23 18:55:22.922 INFO (MainThread) [homeassistant.components.automation.stamp_last_motion_on_time] Stamp last motion ON time: Choose at step 1: choice 1: Executing step call service
2025-10-23 18:56:02.991 INFO (MainThread) [homeassistant.components.automation.bedroom_ceiling_lights_3_set_my_room] Bedroom Ceiling Lights (3) -> Set My Room: Running automation actions
2025-10-23 18:56:02.992 INFO (MainThread) [homeassistant.components.automation.bedroom_ceiling_lights_3_set_my_room] Bedroom Ceiling Lights (3) -> Set My Room: Choose at step 1: default: Running automation actions
2025-10-23 18:56:02.993 INFO (MainThread) [homeassistant.components.automation.bedroom_ceiling_lights_3_set_my_room] Bedroom Ceiling Lights (3) -> Set My Room: Choose at step 1: default: Choose at step 1: choice 1: Running automation actions
2025-10-23 18:56:02.994 INFO (MainThread) [homeassistant.components.automation.bedroom_ceiling_lights_3_set_my_room] Bedroom Ceiling Lights (3) -> Set My Room: Choose at step 1: default: Choose at step 1: choice 1: Executing step call service
2025-10-23 18:56:03.000 INFO (MainThread) [homeassistant.components.automation.bedroom_ceiling_lights_3_set_my_room] Bedroom Ceiling Lights (3) -> Set My Room: Choose at step 1: default: Choose at step 1: choice 1: Executing step call service
2025-10-23 18:56:03.002 INFO (MainThread) [homeassistant.components.automation.bedroom_ceiling_lights_3_set_my_room] Bedroom Ceiling Lights (3) -> Set My Room: Choose at step 1: default: Executing step call service
2025-10-23 18:56:03.329 INFO (MainThread) [homeassistant.components.automation.closet_light_bathroom_light] Closet light -> bathroom light: Running automation actions
2025-10-23 18:56:08.020 INFO (MainThread) [homeassistant.components.automation.living_room_lamp] Living Room Lamp: Running automation actions
2025-10-23 18:56:08.023 INFO (MainThread) [homeassistant.components.automation.living_room_lamp] Living Room Lamp: Choose at step 1: Main lights off & (night time or >30% cloud coverage) - lamp on : Running automation actions
2025-10-23 18:56:08.023 INFO (MainThread) [homeassistant.components.automation.living_room_lamp] Living Room Lamp: Choose at step 1: Main lights off & (night time or >30% cloud coverage) - lamp on : Executing step call service
2025-10-23 18:56:18.002 INFO (MainThread) [homeassistant.components.automation.bedroom_ceiling_lights_3_set_my_room] Bedroom Ceiling Lights (3) -> Set My Room: Running automation actions
2025-10-23 18:56:18.003 INFO (MainThread) [homeassistant.components.automation.bedroom_ceiling_lights_3_set_my_room] Bedroom Ceiling Lights (3) -> Set My Room: Choose at step 1: choice 1: Running automation actions
2025-10-23 18:56:18.004 INFO (MainThread) [homeassistant.components.automation.bedroom_ceiling_lights_3_set_my_room] Bedroom Ceiling Lights (3) -> Set My Room: Choose at step 1: choice 1: Executing step call service
2025-10-23 18:56:34.878 INFO (MainThread) [homeassistant.components.automation.stamp_last_motion_on_time] Stamp last motion ON time: Running automation actions
2025-10-23 18:56:34.880 INFO (MainThread) [homeassistant.components.automation.stamp_last_motion_on_time] Stamp last motion ON time: Choose at step 1: choice 2: Running automation actions
2025-10-23 18:56:34.880 INFO (MainThread) [homeassistant.components.automation.stamp_last_motion_on_time] Stamp last motion ON time: Choose at step 1: choice 2: Executing step call service
2025-10-23 18:59:48.192 INFO (MainThread) [homeassistant.components.automation.closet_light_bathroom_light] Closet light -> bathroom light: Running automation actions
2025-10-23 18:59:48.193 INFO (MainThread) [homeassistant.components.automation.closet_light_bathroom_light] Closet light -> bathroom light: Choose at step 1: choice 1: Running automation actions
2025-10-23 18:59:48.194 INFO (MainThread) [homeassistant.components.automation.closet_light_bathroom_light] Closet light -> bathroom light: Choose at step 1: choice 1: Executing step call service
2025-10-23 18:59:48.292 INFO (MainThread) [homeassistant.components.automation.closet_light_bathroom_light] Closet light -> bathroom light: Choose at step 1: choice 1: Executing step call service
2025-10-23 18:59:48.295 INFO (MainThread) [homeassistant.components.automation.closet_light_bathroom_light] Closet light -> bathroom light: Choose at step 1: choice 1: Executing step delay 0:30:00
2025-10-23 19:00:22.314 INFO (MainThread) [homeassistant.components.automation.closet_light_bathroom_light] Closet light -> bathroom light: Restarting
2025-10-23 19:00:22.320 INFO (MainThread) [homeassistant.components.automation.closet_light_bathroom_light] Closet light -> bathroom light: Running automation actions
2025-10-23 19:00:22.322 INFO (MainThread) [homeassistant.components.automation.closet_light_bathroom_light] Closet light -> bathroom light: Choose at step 1: choice 2: Running automation actions
2025-10-23 19:00:22.322 INFO (MainThread) [homeassistant.components.automation.closet_light_bathroom_light] Closet light -> bathroom light: Choose at step 1: choice 2: Executing step call service
2025-10-23 19:00:22.351 INFO (MainThread) [homeassistant.components.automation.closet_light_bathroom_light] Closet light -> bathroom light: Choose at step 1: choice 2: Executing step call service
2025-10-23 20:31:25.877 INFO (MainThread) [homeassistant.components.automation.test_door_plus_motion] Initialized trigger Workday Door plus motion
2025-10-23 20:34:07.922 INFO (MainThread) [homeassistant.components.automation.test_bay] Initialized trigger Test Bay
2025-10-23 20:34:11.869 INFO (MainThread) [homeassistant.helpers.script.websocket_api_script] websocket_api script: Running websocket_api script
2025-10-23 20:34:11.869 INFO (MainThread) [homeassistant.helpers.script.websocket_api_script] websocket_api script: Executing step call service
2025-10-23 20:35:01.111 INFO (MainThread) [homeassistant.components.automation.test_bay] Initialized trigger Test Bay
2025-10-23 20:50:09.077 INFO (MainThread) [homeassistant.components.automation.test_door_plus_motion] Initialized trigger Workday Door plus motion
2025-10-23 20:56:45.438 INFO (MainThread) [homeassistant.helpers.script.websocket_api_script] websocket_api script: Running websocket_api script
2025-10-23 20:56:45.438 INFO (MainThread) [homeassistant.helpers.script.websocket_api_script] websocket_api script: Executing step device automation
2025-10-23 20:57:11.105 INFO (MainThread) [homeassistant.helpers.script.websocket_api_script] websocket_api script: Running websocket_api script
2025-10-23 20:57:11.106 INFO (MainThread) [homeassistant.helpers.script.websocket_api_script] websocket_api script: Executing step device automation
2025-10-23 20:57:33.746 INFO (MainThread) [homeassistant.helpers.script.websocket_api_script] websocket_api script: Running websocket_api script
2025-10-23 20:57:33.747 INFO (MainThread) [homeassistant.helpers.script.websocket_api_script] websocket_api script: Executing step call service
2025-10-23 20:58:04.560 INFO (MainThread) [homeassistant.helpers.script.websocket_api_script] websocket_api script: Running websocket_api script
2025-10-23 20:58:04.561 INFO (MainThread) [homeassistant.helpers.script.websocket_api_script] websocket_api script: Executing step call service
2025-10-23 20:58:16.771 INFO (MainThread) [homeassistant.helpers.script.websocket_api_script] websocket_api script: Running websocket_api script
2025-10-23 20:58:16.771 INFO (MainThread) [homeassistant.helpers.script.websocket_api_script] websocket_api script: Executing step call service
2025-10-23 20:58:36.756 INFO (MainThread) [homeassistant.helpers.script.websocket_api_script] websocket_api script: Running websocket_api script
2025-10-23 20:58:36.757 INFO (MainThread) [homeassistant.helpers.script.websocket_api_script] websocket_api script: Executing step call service
2025-10-23 20:59:05.387 INFO (MainThread) [homeassistant.components.automation.workday_wake_goodnight] Initialized trigger Workday Wake-up / 1am Goodnight
2025-10-23 20:59:07.926 INFO (MainThread) [homeassistant.helpers.script.websocket_api_script] websocket_api script: Running websocket_api script
2025-10-23 20:59:07.926 INFO (MainThread) [homeassistant.helpers.script.websocket_api_script] websocket_api script: Executing step call service
2025-10-23 20:59:16.976 INFO (MainThread) [homeassistant.helpers.script.websocket_api_script] websocket_api script: Running websocket_api script
2025-10-23 20:59:16.977 INFO (MainThread) [homeassistant.helpers.script.websocket_api_script] websocket_api script: Executing step call service
2025-10-23 20:59:24.160 INFO (MainThread) [homeassistant.helpers.script.websocket_api_script] websocket_api script: Running websocket_api script
2025-10-23 20:59:24.161 INFO (MainThread) [homeassistant.helpers.script.websocket_api_script] websocket_api script: Executing step call service
2025-10-23 20:59:40.713 INFO (MainThread) [homeassistant.components.automation.workday_wake_goodnight] Initialized trigger Workday Wake-up / 1am Goodnight
2025-10-23 21:17:44.044 WARNING (MainThread) [alexapy.helpers] alexaapi.get_customer_history_records((<alexapy.alexalogin.AlexaLogin object at 0xffff442f6ba0>,), {'max_record_size': 10}): Timeout error occurred accessing AlexaAPI: An exception of type CancelledError occurred. Arguments:
()
2025-10-23 21:22:46.459 INFO (MainThread) [homeassistant.components.automation.test_door_plus_motion] Initialized trigger Workday Door plus motion
2025-10-23 21:23:44.397 INFO (MainThread) [homeassistant.components.automation.test_door_plus_motion] Initialized trigger Workday Door plus motion
2025-10-23 21:27:05.186 INFO (MainThread) [homeassistant.components.automation.test_door_plus_motion] Initialized trigger Workday Door plus motion
2025-10-23 21:27:33.181 INFO (MainThread) [homeassistant.components.automation.flic_butttons] Initialized trigger Flic Button
2025-10-23 21:35:16.330 INFO (MainThread) [homeassistant.components.automation.door_automation] Initialized trigger Workday Door plus motion
2025-10-23 21:37:22.202 INFO (MainThread) [homeassistant.components.automation.closet_light_bathroom_light] Initialized trigger Closet light -> bathroom light
2025-10-23 21:38:27.615 INFO (MainThread) [homeassistant.components.automation.light_triggers_another_light] Initialized trigger Closet light -> bathroom light
2025-10-23 22:12:58.192 INFO (MainThread) [homeassistant.components.automation.light_triggers_another_light] Closet light -> bathroom light: Running automation actions
2025-10-23 22:12:58.195 INFO (MainThread) [homeassistant.components.automation.light_triggers_another_light] Closet light -> bathroom light: Choose at step 1: choice 1: Running automation actions
2025-10-23 22:12:58.195 INFO (MainThread) [homeassistant.components.automation.light_triggers_another_light] Closet light -> bathroom light: Choose at step 1: choice 1: Executing step call service
2025-10-23 22:12:58.301 INFO (MainThread) [homeassistant.components.automation.light_triggers_another_light] Closet light -> bathroom light: Choose at step 1: choice 1: Executing step call service
2025-10-23 22:12:58.303 INFO (MainThread) [homeassistant.components.automation.light_triggers_another_light] Closet light -> bathroom light: Choose at step 1: choice 1: Executing step delay 0:30:00
2025-10-23 22:14:21.788 INFO (MainThread) [homeassistant.components.automation.stamp_last_motion_on_time] Stamp last motion ON time: Running automation actions
2025-10-23 22:14:21.789 INFO (MainThread) [homeassistant.components.automation.stamp_last_motion_on_time] Stamp last motion ON time: Choose at step 1: choice 1: Running automation actions
2025-10-23 22:14:21.790 INFO (MainThread) [homeassistant.components.automation.stamp_last_motion_on_time] Stamp last motion ON time: Choose at step 1: choice 1: Executing step call service
2025-10-23 22:16:36.057 INFO (MainThread) [homeassistant.components.automation.stamp_last_motion_on_time] Stamp last motion ON time: Running automation actions
2025-10-23 22:16:36.059 INFO (MainThread) [homeassistant.components.automation.stamp_last_motion_on_time] Stamp last motion ON time: Choose at step 1: choice 2: Running automation actions
2025-10-23 22:16:36.059 INFO (MainThread) [homeassistant.components.automation.stamp_last_motion_on_time] Stamp last motion ON time: Choose at step 1: choice 2: Executing step call service
2025-10-23 22:16:39.057 INFO (MainThread) [homeassistant.components.automation.stamp_last_motion_on_time] Stamp last motion ON time: Running automation actions
2025-10-23 22:16:39.058 INFO (MainThread) [homeassistant.components.automation.stamp_last_motion_on_time] Stamp last motion ON time: Choose at step 1: choice 1: Running automation actions
2025-10-23 22:16:39.058 INFO (MainThread) [homeassistant.components.automation.stamp_last_motion_on_time] Stamp last motion ON time: Choose at step 1: choice 1: Executing step call service
2025-10-23 22:17:41.012 INFO (MainThread) [homeassistant.components.automation.stamp_last_motion_on_time] Stamp last motion ON time: Running automation actions
2025-10-23 22:17:41.014 INFO (MainThread) [homeassistant.components.automation.stamp_last_motion_on_time] Stamp last motion ON time: Choose at step 1: choice 2: Running automation actions
2025-10-23 22:17:41.015 INFO (MainThread) [homeassistant.components.automation.stamp_last_motion_on_time] Stamp last motion ON time: Choose at step 1: choice 2: Executing step call service
2025-10-23 22:17:47.517 INFO (MainThread) [homeassistant.components.automation.stamp_last_motion_on_time] Stamp last motion ON time: Running automation actions
2025-10-23 22:17:47.518 INFO (MainThread) [homeassistant.components.automation.stamp_last_motion_on_time] Stamp last motion ON time: Choose at step 1: choice 1: Running automation actions
2025-10-23 22:17:47.518 INFO (MainThread) [homeassistant.components.automation.stamp_last_motion_on_time] Stamp last motion ON time: Choose at step 1: choice 1: Executing step call service
2025-10-23 22:17:48.484 INFO (MainThread) [homeassistant.components.automation.workday_wake_goodnight] Workday Wake-up / 1am Goodnight: Running automation actions
2025-10-23 22:17:48.495 INFO (MainThread) [homeassistant.components.automation.door_automation] Workday Door plus motion: Running automation actions
2025-10-23 22:17:48.498 INFO (MainThread) [homeassistant.components.automation.door_automation] Workday Door plus motion: If at step 1: Running automation actions
2025-10-23 22:17:48.498 INFO (MainThread) [homeassistant.components.automation.door_automation] Workday Door plus motion: If at step 1: Executing step call service
2025-10-23 22:17:48.982 INFO (MainThread) [homeassistant.components.automation.light_triggers_another_light] Closet light -> bathroom light: Restarting
2025-10-23 22:17:48.989 INFO (MainThread) [homeassistant.components.automation.light_triggers_another_light] Closet light -> bathroom light: Running automation actions
2025-10-23 22:17:48.991 INFO (MainThread) [homeassistant.components.automation.light_triggers_another_light] Closet light -> bathroom light: Choose at step 1: choice 2: Running automation actions
2025-10-23 22:17:48.992 INFO (MainThread) [homeassistant.components.automation.light_triggers_another_light] Closet light -> bathroom light: Choose at step 1: choice 2: Executing step call service
2025-10-23 22:17:49.016 INFO (MainThread) [homeassistant.components.automation.light_triggers_another_light] Closet light -> bathroom light: Choose at step 1: choice 2: Executing step call service
2025-10-23 22:18:47.718 INFO (MainThread) [homeassistant.components.automation.stamp_last_motion_on_time] Stamp last motion ON time: Running automation actions
2025-10-23 22:18:47.720 INFO (MainThread) [homeassistant.components.automation.stamp_last_motion_on_time] Stamp last motion ON time: Choose at step 1: choice 2: Running automation actions
2025-10-23 22:18:47.720 INFO (MainThread) [homeassistant.components.automation.stamp_last_motion_on_time] Stamp last motion ON time: Choose at step 1: choice 2: Executing step call service
2025-10-23 22:30:03.873 ERROR (MainThread) [homeassistant.components.roku.coordinator] Error fetching roku data: Invalid response from API: Timeout occurred while connecting to device
2025-10-23 23:00:00.472 INFO (MainThread) [homeassistant.components.automation.work_schedule_automations] Work Schedule Automations : Running automation actions
2025-10-23 23:00:00.474 INFO (MainThread) [homeassistant.components.automation.work_schedule_automations] Work Schedule Automations : Choose at step 1: choice 2: Running automation actions
2025-10-23 23:00:00.475 INFO (MainThread) [homeassistant.components.automation.work_schedule_automations] Work Schedule Automations : Choose at step 1: choice 2: If at step 1: Running automation actions
2025-10-23 23:00:00.476 INFO (MainThread) [homeassistant.components.automation.work_schedule_automations] Work Schedule Automations : Choose at step 1: choice 2: If at step 1: Executing step call service
2025-10-23 23:22:40.900 INFO (MainThread) [homeassistant.components.automation.workday_wake_goodnight] Workday Wake-up / 1am Goodnight: Running automation actions
2025-10-23 23:22:40.929 INFO (MainThread) [homeassistant.components.automation.door_automation] Workday Door plus motion: Running automation actions
2025-10-23 23:22:40.943 INFO (MainThread) [homeassistant.components.automation.door_automation] Workday Door plus motion: If at step 1: Running automation actions
2025-10-23 23:22:40.949 INFO (MainThread) [homeassistant.components.automation.door_automation] Workday Door plus motion: If at step 1: Executing step call service
2025-10-23 23:22:41.068 INFO (MainThread) [homeassistant.components.automation.bedroom_ceiling_lights_3_set_my_room] Bedroom Ceiling Lights (3) -> Set My Room: Running automation actions
2025-10-23 23:22:41.069 INFO (MainThread) [homeassistant.components.automation.bedroom_ceiling_lights_3_set_my_room] Bedroom Ceiling Lights (3) -> Set My Room: Choose at step 1: default: Running automation actions
2025-10-23 23:22:41.071 INFO (MainThread) [homeassistant.components.automation.bedroom_ceiling_lights_3_set_my_room] Bedroom Ceiling Lights (3) -> Set My Room: Choose at step 1: default: Choose at step 1: choice 1: Running automation actions
2025-10-23 23:22:41.071 INFO (MainThread) [homeassistant.components.automation.bedroom_ceiling_lights_3_set_my_room] Bedroom Ceiling Lights (3) -> Set My Room: Choose at step 1: default: Choose at step 1: choice 1: Executing step call service
2025-10-23 23:22:41.076 INFO (MainThread) [homeassistant.components.automation.bedroom_ceiling_lights_3_set_my_room] Bedroom Ceiling Lights (3) -> Set My Room: Choose at step 1: default: Choose at step 1: choice 1: Executing step call service
2025-10-23 23:22:41.079 INFO (MainThread) [homeassistant.components.automation.bedroom_ceiling_lights_3_set_my_room] Bedroom Ceiling Lights (3) -> Set My Room: Choose at step 1: default: Executing step call service
2025-10-23 23:22:41.086 INFO (MainThread) [homeassistant.components.automation.light_triggers_another_light] Closet light -> bathroom light: Running automation actions
2025-10-23 23:22:41.092 INFO (MainThread) [homeassistant.components.automation.light_triggers_another_light] Closet light -> bathroom light: Choose at step 1: choice 3: Running automation actions
2025-10-23 23:22:41.093 INFO (MainThread) [homeassistant.components.automation.light_triggers_another_light] Closet light -> bathroom light: Choose at step 1: choice 3: Executing step call service
2025-10-23 23:22:41.126 INFO (MainThread) [homeassistant.components.automation.door_automation] Workday Door plus motion: If at step 1: Executing step call service
2025-10-23 23:22:41.442 INFO (MainThread) [homeassistant.components.automation.light_triggers_another_light] Closet light -> bathroom light: Running automation actions
2025-10-23 23:22:41.444 INFO (MainThread) [homeassistant.components.automation.light_triggers_another_light] Closet light -> bathroom light: Choose at step 1: choice 1: Running automation actions
2025-10-23 23:22:41.445 INFO (MainThread) [homeassistant.components.automation.light_triggers_another_light] Closet light -> bathroom light: Choose at step 1: choice 1: Executing step call service
2025-10-23 23:22:41.467 INFO (MainThread) [homeassistant.components.automation.light_triggers_another_light] Closet light -> bathroom light: Choose at step 1: choice 1: Executing step call service
2025-10-23 23:22:41.469 INFO (MainThread) [homeassistant.components.automation.light_triggers_another_light] Closet light -> bathroom light: Choose at step 1: choice 1: Executing step delay 0:30:00
2025-10-23 23:22:43.056 INFO (MainThread) [homeassistant.components.automation.stamp_last_motion_on_time] Stamp last motion ON time: Running automation actions
2025-10-23 23:22:43.057 INFO (MainThread) [homeassistant.components.automation.stamp_last_motion_on_time] Stamp last motion ON time: Choose at step 1: choice 1: Running automation actions
2025-10-23 23:22:43.057 INFO (MainThread) [homeassistant.components.automation.stamp_last_motion_on_time] Stamp last motion ON time: Choose at step 1: choice 1: Executing step call service
2025-10-23 23:22:51.024 INFO (MainThread) [homeassistant.components.automation.living_room_lamp] Living Room Lamp: Running automation actions
2025-10-23 23:22:56.001 INFO (MainThread) [homeassistant.components.automation.bedroom_ceiling_lights_3_set_my_room] Bedroom Ceiling Lights (3) -> Set My Room: Running automation actions
2025-10-23 23:22:56.003 INFO (MainThread) [homeassistant.components.automation.bedroom_ceiling_lights_3_set_my_room] Bedroom Ceiling Lights (3) -> Set My Room: Choose at step 1: choice 1: Running automation actions
2025-10-23 23:22:56.003 INFO (MainThread) [homeassistant.components.automation.bedroom_ceiling_lights_3_set_my_room] Bedroom Ceiling Lights (3) -> Set My Room: Choose at step 1: choice 1: Executing step call service
2025-10-23 23:24:27.408 INFO (MainThread) [homeassistant.components.automation.stamp_last_motion_on_time] Stamp last motion ON time: Running automation actions
2025-10-23 23:24:27.410 INFO (MainThread) [homeassistant.components.automation.stamp_last_motion_on_time] Stamp last motion ON time: Choose at step 1: choice 2: Running automation actions
2025-10-23 23:24:27.411 INFO (MainThread) [homeassistant.components.automation.stamp_last_motion_on_time] Stamp last motion ON time: Choose at step 1: choice 2: Executing step call service
2025-10-23 23:24:45.917 INFO (MainThread) [homeassistant.components.automation.stamp_last_motion_on_time] Stamp last motion ON time: Running automation actions
2025-10-23 23:24:45.918 INFO (MainThread) [homeassistant.components.automation.stamp_last_motion_on_time] Stamp last motion ON time: Choose at step 1: choice 1: Running automation actions
2025-10-23 23:24:45.918 INFO (MainThread) [homeassistant.components.automation.stamp_last_motion_on_time] Stamp last motion ON time: Choose at step 1: choice 1: Executing step call service
2025-10-23 23:28:47.725 INFO (MainThread) [homeassistant.components.automation.stamp_last_motion_on_time] Stamp last motion ON time: Running automation actions
2025-10-23 23:28:47.727 INFO (MainThread) [homeassistant.components.automation.stamp_last_motion_on_time] Stamp last motion ON time: Choose at step 1: choice 2: Running automation actions
2025-10-23 23:28:47.727 INFO (MainThread) [homeassistant.components.automation.stamp_last_motion_on_time] Stamp last motion ON time: Choose at step 1: choice 2: Executing step call service
2025-10-23 23:29:15.663 INFO (MainThread) [homeassistant.components.automation.stamp_last_motion_on_time] Stamp last motion ON time: Running automation actions
2025-10-23 23:29:15.665 INFO (MainThread) [homeassistant.components.automation.stamp_last_motion_on_time] Stamp last motion ON time: Choose at step 1: choice 1: Running automation actions
2025-10-23 23:29:15.665 INFO (MainThread) [homeassistant.components.automation.stamp_last_motion_on_time] Stamp last motion ON time: Choose at step 1: choice 1: Executing step call service
2025-10-23 23:30:15.877 INFO (MainThread) [homeassistant.components.automation.stamp_last_motion_on_time] Stamp last motion ON time: Running automation actions
2025-10-23 23:30:15.879 INFO (MainThread) [homeassistant.components.automation.stamp_last_motion_on_time] Stamp last motion ON time: Choose at step 1: choice 2: Running automation actions
2025-10-23 23:30:15.880 INFO (MainThread) [homeassistant.components.automation.stamp_last_motion_on_time] Stamp last motion ON time: Choose at step 1: choice 2: Executing step call service
2025-10-23 23:32:39.795 INFO (MainThread) [homeassistant.components.automation.stamp_last_motion_on_time] Stamp last motion ON time: Running automation actions
2025-10-23 23:32:39.796 INFO (MainThread) [homeassistant.components.automation.stamp_last_motion_on_time] Stamp last motion ON time: Choose at step 1: choice 1: Running automation actions
2025-10-23 23:32:39.797 INFO (MainThread) [homeassistant.components.automation.stamp_last_motion_on_time] Stamp last motion ON time: Choose at step 1: choice 1: Executing step call service
2025-10-23 23:39:37.726 INFO (MainThread) [homeassistant.components.automation.light_triggers_another_light] Closet light -> bathroom light: Restarting
2025-10-23 23:39:37.736 INFO (MainThread) [homeassistant.components.automation.light_triggers_another_light] Closet light -> bathroom light: Running automation actions
2025-10-23 23:39:37.739 INFO (MainThread) [homeassistant.components.automation.light_triggers_another_light] Closet light -> bathroom light: Choose at step 1: choice 2: Running automation actions
2025-10-23 23:39:37.739 INFO (MainThread) [homeassistant.components.automation.light_triggers_another_light] Closet light -> bathroom light: Choose at step 1: choice 2: Executing step call service
2025-10-23 23:39:37.757 INFO (MainThread) [homeassistant.components.automation.living_room_lamp] Living Room Lamp: Running automation actions
2025-10-23 23:39:37.760 INFO (MainThread) [homeassistant.components.automation.living_room_lamp] Living Room Lamp: Choose at step 1: Main lights off & (night time or >30% cloud coverage) - lamp on : Running automation actions
2025-10-23 23:39:37.761 INFO (MainThread) [homeassistant.components.automation.living_room_lamp] Living Room Lamp: Choose at step 1: Main lights off & (night time or >30% cloud coverage) - lamp on : Executing step call service
2025-10-23 23:39:37.772 INFO (MainThread) [homeassistant.components.automation.light_triggers_another_light] Closet light -> bathroom light: Choose at step 1: choice 2: Executing step call service
2025-10-23 23:39:37.904 INFO (MainThread) [homeassistant.components.automation.bedroom_ceiling_lights_3_set_my_room] Bedroom Ceiling Lights (3) -> Set My Room: Running automation actions
2025-10-23 23:39:37.905 INFO (MainThread) [homeassistant.components.automation.bedroom_ceiling_lights_3_set_my_room] Bedroom Ceiling Lights (3) -> Set My Room: Choose at step 1: default: Running automation actions
2025-10-23 23:39:37.907 INFO (MainThread) [homeassistant.components.automation.bedroom_ceiling_lights_3_set_my_room] Bedroom Ceiling Lights (3) -> Set My Room: Choose at step 1: default: Choose at step 1: choice 1: Running automation actions
2025-10-23 23:39:37.907 INFO (MainThread) [homeassistant.components.automation.bedroom_ceiling_lights_3_set_my_room] Bedroom Ceiling Lights (3) -> Set My Room: Choose at step 1: default: Choose at step 1: choice 1: Executing step call service
2025-10-23 23:39:37.913 INFO (MainThread) [homeassistant.components.automation.bedroom_ceiling_lights_3_set_my_room] Bedroom Ceiling Lights (3) -> Set My Room: Choose at step 1: default: Choose at step 1: choice 1: Executing step call service
2025-10-23 23:39:37.924 INFO (MainThread) [homeassistant.components.automation.bedroom_ceiling_lights_3_set_my_room] Bedroom Ceiling Lights (3) -> Set My Room: Choose at step 1: default: Executing step call service
2025-10-23 23:39:52.002 INFO (MainThread) [homeassistant.components.automation.bedroom_ceiling_lights_3_set_my_room] Bedroom Ceiling Lights (3) -> Set My Room: Running automation actions
2025-10-23 23:39:52.003 INFO (MainThread) [homeassistant.components.automation.bedroom_ceiling_lights_3_set_my_room] Bedroom Ceiling Lights (3) -> Set My Room: Choose at step 1: choice 1: Running automation actions
2025-10-23 23:39:52.004 INFO (MainThread) [homeassistant.components.automation.bedroom_ceiling_lights_3_set_my_room] Bedroom Ceiling Lights (3) -> Set My Room: Choose at step 1: choice 1: Executing step call service
2025-10-23 23:41:38.165 INFO (MainThread) [homeassistant.components.automation.living_room_lamp] Living Room Lamp: Running automation actions
2025-10-23 23:41:38.169 INFO (MainThread) [homeassistant.components.automation.living_room_lamp] Living Room Lamp: Choose at step 1: Cloud coverage >40%(work or 5:05) - lamp on: Running automation actions
2025-10-23 23:41:38.169 INFO (MainThread) [homeassistant.components.automation.living_room_lamp] Living Room Lamp: Choose at step 1: Cloud coverage >40%(work or 5:05) - lamp on: Executing step call service
2025-10-24 00:03:14.531 INFO (MainThread) [homeassistant.components.automation.stamp_last_motion_on_time] Stamp last motion ON time: Running automation actions
2025-10-24 00:03:14.533 INFO (MainThread) [homeassistant.components.automation.stamp_last_motion_on_time] Stamp last motion ON time: Choose at step 1: choice 2: Running automation actions
2025-10-24 00:03:14.533 INFO (MainThread) [homeassistant.components.automation.stamp_last_motion_on_time] Stamp last motion ON time: Choose at step 1: choice 2: Executing step call service
2025-10-24 00:04:44.385 INFO (MainThread) [homeassistant.components.automation.stamp_last_motion_on_time] Stamp last motion ON time: Running automation actions
2025-10-24 00:04:44.386 INFO (MainThread) [homeassistant.components.automation.stamp_last_motion_on_time] Stamp last motion ON time: Choose at step 1: choice 1: Running automation actions
2025-10-24 00:04:44.387 INFO (MainThread) [homeassistant.components.automation.stamp_last_motion_on_time] Stamp last motion ON time: Choose at step 1: choice 1: Executing step call service
2025-10-24 00:06:11.777 INFO (MainThread) [homeassistant.components.automation.stamp_last_motion_on_time] Stamp last motion ON time: Running automation actions
2025-10-24 00:06:11.779 INFO (MainThread) [homeassistant.components.automation.stamp_last_motion_on_time] Stamp last motion ON time: Choose at step 1: choice 2: Running automation actions
2025-10-24 00:06:11.780 INFO (MainThread) [homeassistant.components.automation.stamp_last_motion_on_time] Stamp last motion ON time: Choose at step 1: choice 2: Executing step call service
2025-10-24 00:06:54.227 INFO (MainThread) [homeassistant.components.automation.stamp_last_motion_on_time] Stamp last motion ON time: Running automation actions
2025-10-24 00:06:54.228 INFO (MainThread) [homeassistant.components.automation.stamp_last_motion_on_time] Stamp last motion ON time: Choose at step 1: choice 1: Running automation actions
2025-10-24 00:06:54.229 INFO (MainThread) [homeassistant.components.automation.stamp_last_motion_on_time] Stamp last motion ON time: Choose at step 1: choice 1: Executing step call service
2025-10-24 00:08:24.453 INFO (MainThread) [homeassistant.components.automation.stamp_last_motion_on_time] Stamp last motion ON time: Running automation actions
2025-10-24 00:08:24.454 INFO (MainThread) [homeassistant.components.automation.stamp_last_motion_on_time] Stamp last motion ON time: Choose at step 1: choice 2: Running automation actions
2025-10-24 00:08:24.455 INFO (MainThread) [homeassistant.components.automation.stamp_last_motion_on_time] Stamp last motion ON time: Choose at step 1: choice 2: Executing step call service
2025-10-24 00:11:05.934 ERROR (MainThread) [pyhap.hap_handler] HASS Bridge: Client ('192.168.1.90', 63019) with uuid 009a3c91-95ec-4431-82a4-ab76f9c342b5 attempted pair verify without being paired first (public_key=d2c34fcb4efcaa686c5811e6073ff7e439032992d8609179c5f070242fd5994e, paired clients={UUID('14cc4859-2b83-4b8e-9328-4518e821a567'): '10910c864a8e1c9e257504648720b92bf48d0e151dd6937d6fe8a07e7ebe28a0'}).
2025-10-24 00:12:11.998 INFO (MainThread) [homeassistant.components.automation.stamp_last_motion_on_time] Stamp last motion ON time: Running automation actions
2025-10-24 00:12:11.999 INFO (MainThread) [homeassistant.components.automation.stamp_last_motion_on_time] Stamp last motion ON time: Choose at step 1: choice 1: Running automation actions
2025-10-24 00:12:12.000 INFO (MainThread) [homeassistant.components.automation.stamp_last_motion_on_time] Stamp last motion ON time: Choose at step 1: choice 1: Executing step call service
2025-10-24 00:14:25.737 INFO (MainThread) [homeassistant.components.automation.stamp_last_motion_on_time] Stamp last motion ON time: Running automation actions
2025-10-24 00:14:25.738 INFO (MainThread) [homeassistant.components.automation.stamp_last_motion_on_time] Stamp last motion ON time: Choose at step 1: choice 2: Running automation actions
2025-10-24 00:14:25.739 INFO (MainThread) [homeassistant.components.automation.stamp_last_motion_on_time] Stamp last motion ON time: Choose at step 1: choice 2: Executing step call service
2025-10-24 01:00:00.337 INFO (MainThread) [homeassistant.components.automation.workday_wake_goodnight] Workday Wake-up / 1am Goodnight: Running automation actions
2025-10-24 01:00:00.339 INFO (MainThread) [homeassistant.components.automation.workday_wake_goodnight] Workday Wake-up / 1am Goodnight: Choose at step 1: choice 5: Running automation actions
2025-10-24 01:00:00.340 INFO (MainThread) [homeassistant.components.automation.workday_wake_goodnight] Workday Wake-up / 1am Goodnight: Choose at step 1: choice 5: Executing step call service
2025-10-24 01:12:15.874 ERROR (MainThread) [homeassistant.components.roku.coordinator] Error fetching roku data: Invalid response from API: Timeout occurred while connecting to device
2025-10-24 02:00:00.238 INFO (MainThread) [homeassistant.components.automation.work_schedule_automations] Work Schedule Automations : Running automation actions
2025-10-24 02:00:00.240 INFO (MainThread) [homeassistant.components.automation.work_schedule_automations] Work Schedule Automations : Choose at step 1: choice 3: Running automation actions
2025-10-24 02:00:00.241 INFO (MainThread) [homeassistant.components.automation.work_schedule_automations] Work Schedule Automations : Choose at step 1: choice 3: If at step 1: Running automation actions
2025-10-24 02:00:00.241 INFO (MainThread) [homeassistant.components.automation.work_schedule_automations] Work Schedule Automations : Choose at step 1: choice 3: If at step 1: Executing step call service
2025-10-24 02:00:00.441 INFO (MainThread) [homeassistant.components.automation.nightly_github_sync] Nightly GitHub sync: Running automation actions
2025-10-24 02:00:00.441 INFO (MainThread) [homeassistant.components.automation.nightly_github_sync] Nightly GitHub sync: Executing step call service
2025-10-24 02:00:00.443 INFO (MainThread) [homeassistant.components.script.create_push_ha_info_to_github] Create & Push HA Info to Github: Running script sequence
2025-10-24 02:00:00.443 INFO (MainThread) [homeassistant.components.script.create_push_ha_info_to_github] Create & Push HA Info to Github: Executing step call service
2025-10-24 02:00:00.528 INFO (MainThread) [homeassistant.components.script.create_push_ha_info_to_github] Create & Push HA Info to Github: Executing step call service
2025-10-24 02:00:00.564 INFO (MainThread) [homeassistant.components.script.create_push_ha_info_to_github] Create & Push HA Info to Github: Executing step call service
